#
# There is insufficient memory for the Java Runtime Environment to continue.
# Native memory allocation (mmap) failed to map 71303168 bytes for committing reserved memory.
# Possible reasons:
#   The system is out of physical RAM or swap space
#   In 32 bit mode, the process size limit was hit
# Possible solutions:
#   Reduce memory load on the system
#   Increase physical memory or swap space
#   Check if swap backing store is full
#   Use 64 bit Java on a 64 bit OS
#   Decrease Java heap size (-Xmx/-Xms)
#   Decrease number of Java threads
#   Decrease Java thread stack sizes (-Xss)
#   Set larger code cache with -XX:ReservedCodeCacheSize=
# This output file may be truncated or incomplete.
#
#  Out of Memory Error (os_linux.cpp:2627), pid=25618, tid=0x00007f925c264700
#
# JRE version: OpenJDK Runtime Environment (8.0_112-b06) (build 1.8.0_112-release-b06)
# Java VM: OpenJDK 64-Bit Server VM (25.112-b06 mixed mode linux-amd64 compressed oops)
# Failed to write core dump. Core dumps have been disabled. To enable core dumping, try "ulimit -c unlimited" before starting Java again
#

---------------  T H R E A D  ---------------

Current thread (0x00007f9270077800):  VMThread [stack: 0x00007f925c164000,0x00007f925c265000] [id=25627]

Stack: [0x00007f925c164000,0x00007f925c265000],  sp=0x00007f925c2634d0,  free space=1021k
Native frames: (J=compiled Java code, j=interpreted, Vv=VM code, C=native code)
V  [libjvm.so+0x9e465d]  VMError::report_and_die()+0x15d
V  [libjvm.so+0x4b6ada]  report_vm_out_of_memory(char const*, int, unsigned long, VMErrorType, char const*)+0x8a
V  [libjvm.so+0x84c860]  os::pd_commit_memory(char*, unsigned long, unsigned long, bool)+0xf0
V  [libjvm.so+0x84737f]  os::commit_memory(char*, unsigned long, unsigned long, bool)+0x1f
V  [libjvm.so+0x8bd3db]  PSVirtualSpace::expand_by(unsigned long)+0x5b
V  [libjvm.so+0x8ae1bb]  PSOldGen::expand_by(unsigned long) [clone .part.109]+0x1b
V  [libjvm.so+0x8ae37b]  PSOldGen::expand(unsigned long) [clone .part.111]+0xdb
V  [libjvm.so+0x8aec58]  PSOldGen::resize(unsigned long)+0x188
V  [libjvm.so+0x8b426c]  PSParallelCompact::invoke_no_policy(bool)+0x97c
V  [libjvm.so+0x8bb37d]  PSScavenge::invoke()+0x17d
V  [libjvm.so+0x86fcf3]  ParallelScavengeHeap::failed_mem_allocate(unsigned long)+0x63
V  [libjvm.so+0x9e6124]  VM_ParallelGCFailedAllocation::doit()+0x84
V  [libjvm.so+0x9ea537]  VM_Operation::evaluate()+0x47
V  [libjvm.so+0x9e8ff8]  VMThread::evaluate_operation(VM_Operation*)+0x2c8
V  [libjvm.so+0x9e9479]  VMThread::loop()+0x219
V  [libjvm.so+0x9e98c2]  VMThread::run()+0x72
V  [libjvm.so+0x849c82]  java_start(Thread*)+0xf2

VM_Operation (0x00007f9246ab20b0): ParallelGCFailedAllocation, mode: safepoint, requested by thread 0x00007f92701b6000


---------------  P R O C E S S  ---------------

Java Threads: ( => current thread )
  0x00007f92701bf000 JavaThread "pool-2-thread-4" [_thread_blocked, id=25640, stack(0x00007f92467b1000,0x00007f92468b2000)]
  0x00007f92701bb800 JavaThread "pool-2-thread-3" [_thread_blocked, id=25639, stack(0x00007f92468b2000,0x00007f92469b3000)]
  0x00007f92701b6000 JavaThread "pool-2-thread-2" [_thread_blocked, id=25638, stack(0x00007f92469b3000,0x00007f9246ab4000)]
  0x00007f92701b5000 JavaThread "pool-3-thread-1" [_thread_blocked, id=25637, stack(0x00007f9246ab4000,0x00007f9246bb5000)]
  0x00007f92701b3000 JavaThread "pool-2-thread-1" [_thread_blocked, id=25636, stack(0x00007f9246bb5000,0x00007f9246cb6000)]
  0x00007f92700c8000 JavaThread "Service Thread" daemon [_thread_blocked, id=25634, stack(0x00007f9246eba000,0x00007f9246fbb000)]
  0x00007f92700bc800 JavaThread "C1 CompilerThread2" daemon [_thread_blocked, id=25633, stack(0x00007f9246fbb000,0x00007f92470bc000)]
  0x00007f92700bb000 JavaThread "C2 CompilerThread1" daemon [_thread_blocked, id=25632, stack(0x00007f92470bc000,0x00007f92471bd000)]
  0x00007f92700b8000 JavaThread "C2 CompilerThread0" daemon [_thread_in_native, id=25631, stack(0x00007f92471bd000,0x00007f92472be000)]
  0x00007f92700b6800 JavaThread "Signal Dispatcher" daemon [_thread_blocked, id=25630, stack(0x00007f92472be000,0x00007f92473bf000)]
  0x00007f9270083800 JavaThread "Finalizer" daemon [_thread_blocked, id=25629, stack(0x00007f9247eff000,0x00007f9248000000)]
  0x00007f927007f000 JavaThread "Reference Handler" daemon [_thread_blocked, id=25628, stack(0x00007f925c063000,0x00007f925c164000)]
  0x00007f927000a000 JavaThread "main" [_thread_blocked, id=25620, stack(0x00007f9276735000,0x00007f9276836000)]

Other Threads:
=>0x00007f9270077800 VMThread [stack: 0x00007f925c164000,0x00007f925c265000] [id=25627]
  0x00007f92700ca800 WatcherThread [stack: 0x00007f9246db9000,0x00007f9246eba000] [id=25635]

VM state:at safepoint (normal execution)

VM Mutex/Monitor currently owned by a thread:  ([mutex/lock_event])
[0x00007f9270005e40] ExpandHeap_lock - owner thread: 0x00007f9270077800
[0x00007f92700064c0] Threads_lock - owner thread: 0x00007f9270077800
[0x00007f92700069c0] Heap_lock - owner thread: 0x00007f92701b6000

Heap:
 PSYoungGen      total 231936K, used 0K [0x00000000eab00000, 0x00000000ffa00000, 0x0000000100000000)
  eden space 126976K, 0% used [0x00000000eab00000,0x00000000eab00000,0x00000000f2700000)
  from space 104960K, 0% used [0x00000000f2700000,0x00000000f2700000,0x00000000f8d80000)
  to   space 100352K, 0% used [0x00000000f9800000,0x00000000f9800000,0x00000000ffa00000)
 ParOldGen       total 629760K, used 622538K [0x00000000c0000000, 0x00000000e6700000, 0x00000000eab00000)
  object space 629760K, 98% used [0x00000000c0000000,0x00000000e5ff2b80,0x00000000e6700000)
 Metaspace       used 6432K, capacity 7280K, committed 7552K, reserved 1056768K
  class space    used 588K, capacity 616K, committed 640K, reserved 1048576K

Card table byte_map: [0x00007f92601ec000,0x00007f92603ed000] byte_map_base: 0x00007f925fbec000

Marking Bits: (ParMarkBitMap*) 0x00007f9275c07340
 Begin Bits: [0x00007f925dde8000, 0x00007f925ede8000)
 End Bits:   [0x00007f925ede8000, 0x00007f925fde8000)

Polling page: 0x00007f9276857000

CodeCache: size=245760Kb used=11214Kb max_used=11368Kb free=234545Kb
 bounds [0x00007f92607ad000, 0x00007f926133d000, 0x00007f926f7ad000]
 total_blobs=2538 nmethods=2269 adapters=183
 compilation: enabled

Compilation events (10 events):
Event: 27,253 Thread 0x00007f92700bb000 nmethod 2890 0x00007f9260c1cfd0 code [0x00007f9260c1d140, 0x00007f9260c1d3f8]
Event: 27,253 Thread 0x00007f92700bb000 2802       4       com.android.dx.ssa.back.RegisterAllocator::getDefinitionSpecForSsaReg (22 bytes)
Event: 27,262 Thread 0x00007f92700bb000 nmethod 2802 0x00007f92609e99d0 code [0x00007f92609e9b60, 0x00007f92609ea048]
Event: 27,262 Thread 0x00007f92700bb000 2773       4       com.android.dx.ssa.SsaMethod::forEachBlockDepthFirst (194 bytes)
Event: 27,314 Thread 0x00007f92700bb000 nmethod 2773 0x00007f9260b7fbd0 code [0x00007f9260b7fe80, 0x00007f9260b81608]
Event: 27,314 Thread 0x00007f92700bb000 1173       4       com.android.dx.rop.code.Rop::isCommutative (60 bytes)
Event: 27,315 Thread 0x00007f92700bb000 nmethod 1173 0x00007f92609d7150 code [0x00007f92609d72a0, 0x00007f92609d7338]
Event: 27,315 Thread 0x00007f92700bb000 1718       4       com.android.dx.ssa.back.FirstFitLocalCombiningAllocator::findNextUnreservedRopReg (12 bytes)
Event: 27,320 Thread 0x00007f92700bb000 nmethod 1718 0x00007f9260d9a4d0 code [0x00007f9260d9a640, 0x00007f9260d9a958]
Event: 27,320 Thread 0x00007f92700bb000 2880       4       com.android.dx.ssa.SsaMethod::computeReachability (131 bytes)

GC Heap History (10 events):
Event: 26,088 GC heap after
Heap after GC invocations=31 (full 4):
 PSYoungGen      total 232960K, used 18749K [0x00000000eab00000, 0x0000000100000000, 0x0000000100000000)
  eden space 116736K, 0% used [0x00000000eab00000,0x00000000eab00000,0x00000000f1d00000)
  from space 116224K, 16% used [0x00000000f1d00000,0x00000000f2f4f4a0,0x00000000f8e80000)
  to   space 116224K, 0% used [0x00000000f8e80000,0x00000000f8e80000,0x0000000100000000)
 ParOldGen       total 629760K, used 532502K [0x00000000c0000000, 0x00000000e6700000, 0x00000000eab00000)
  object space 629760K, 84% used [0x00000000c0000000,0x00000000e0805908,0x00000000e6700000)
 Metaspace       used 6431K, capacity 7280K, committed 7552K, reserved 1056768K
  class space    used 588K, capacity 616K, committed 640K, reserved 1048576K
}
Event: 26,365 GC heap before
{Heap before GC invocations=32 (full 4):
 PSYoungGen      total 232960K, used 135485K [0x00000000eab00000, 0x0000000100000000, 0x0000000100000000)
  eden space 116736K, 100% used [0x00000000eab00000,0x00000000f1d00000,0x00000000f1d00000)
  from space 116224K, 16% used [0x00000000f1d00000,0x00000000f2f4f4a0,0x00000000f8e80000)
  to   space 116224K, 0% used [0x00000000f8e80000,0x00000000f8e80000,0x0000000100000000)
 ParOldGen       total 629760K, used 532502K [0x00000000c0000000, 0x00000000e6700000, 0x00000000eab00000)
  object space 629760K, 84% used [0x00000000c0000000,0x00000000e0805908,0x00000000e6700000)
 Metaspace       used 6432K, capacity 7280K, committed 7552K, reserved 1056768K
  class space    used 588K, capacity 616K, committed 640K, reserved 1048576K
Event: 26,427 GC heap after
Heap after GC invocations=32 (full 4):
 PSYoungGen      total 226816K, used 18705K [0x00000000eab00000, 0x00000000ffa00000, 0x0000000100000000)
  eden space 116736K, 0% used [0x00000000eab00000,0x00000000eab00000,0x00000000f1d00000)
  from space 110080K, 16% used [0x00000000f8e80000,0x00000000fa0c45e8,0x00000000ffa00000)
  to   space 113152K, 0% used [0x00000000f1d00000,0x00000000f1d00000,0x00000000f8b80000)
 ParOldGen       total 629760K, used 550677K [0x00000000c0000000, 0x00000000e6700000, 0x00000000eab00000)
  object space 629760K, 87% used [0x00000000c0000000,0x00000000e19c56b8,0x00000000e6700000)
 Metaspace       used 6432K, capacity 7280K, committed 7552K, reserved 1056768K
  class space    used 588K, capacity 616K, committed 640K, reserved 1048576K
}
Event: 26,689 GC heap before
{Heap before GC invocations=33 (full 4):
 PSYoungGen      total 226816K, used 135441K [0x00000000eab00000, 0x00000000ffa00000, 0x0000000100000000)
  eden space 116736K, 100% used [0x00000000eab00000,0x00000000f1d00000,0x00000000f1d00000)
  from space 110080K, 16% used [0x00000000f8e80000,0x00000000fa0c45e8,0x00000000ffa00000)
  to   space 113152K, 0% used [0x00000000f1d00000,0x00000000f1d00000,0x00000000f8b80000)
 ParOldGen       total 629760K, used 550677K [0x00000000c0000000, 0x00000000e6700000, 0x00000000eab00000)
  object space 629760K, 87% used [0x00000000c0000000,0x00000000e19c56b8,0x00000000e6700000)
 Metaspace       used 6432K, capacity 7280K, committed 7552K, reserved 1056768K
  class space    used 588K, capacity 616K, committed 640K, reserved 1048576K
Event: 26,746 GC heap after
Heap after GC invocations=33 (full 4):
 PSYoungGen      total 229888K, used 17872K [0x00000000eab00000, 0x00000000ffb00000, 0x0000000100000000)
  eden space 116736K, 0% used [0x00000000eab00000,0x00000000eab00000,0x00000000f1d00000)
  from space 113152K, 15% used [0x00000000f1d00000,0x00000000f2e74360,0x00000000f8b80000)
  to   space 109056K, 0% used [0x00000000f9080000,0x00000000f9080000,0x00000000ffb00000)
 ParOldGen       total 629760K, used 568599K [0x00000000c0000000, 0x00000000e6700000, 0x00000000eab00000)
  object space 629760K, 90% used [0x00000000c0000000,0x00000000e2b45f68,0x00000000e6700000)
 Metaspace       used 6432K, capacity 7280K, committed 7552K, reserved 1056768K
  class space    used 588K, capacity 616K, committed 640K, reserved 1048576K
}
Event: 26,988 GC heap before
{Heap before GC invocations=34 (full 4):
 PSYoungGen      total 229888K, used 134608K [0x00000000eab00000, 0x00000000ffb00000, 0x0000000100000000)
  eden space 116736K, 100% used [0x00000000eab00000,0x00000000f1d00000,0x00000000f1d00000)
  from space 113152K, 15% used [0x00000000f1d00000,0x00000000f2e74360,0x00000000f8b80000)
  to   space 109056K, 0% used [0x00000000f9080000,0x00000000f9080000,0x00000000ffb00000)
 ParOldGen       total 629760K, used 568599K [0x00000000c0000000, 0x00000000e6700000, 0x00000000eab00000)
  object space 629760K, 90% used [0x00000000c0000000,0x00000000e2b45f68,0x00000000e6700000)
 Metaspace       used 6432K, capacity 7280K, committed 7552K, reserved 1056768K
  class space    used 588K, capacity 616K, committed 640K, reserved 1048576K
Event: 27,056 GC heap after
Heap after GC invocations=34 (full 4):
 PSYoungGen      total 228864K, used 19287K [0x00000000eab00000, 0x00000000ff400000, 0x0000000100000000)
  eden space 126976K, 0% used [0x00000000eab00000,0x00000000eab00000,0x00000000f2700000)
  from space 101888K, 18% used [0x00000000f9080000,0x00000000fa355c70,0x00000000ff400000)
  to   space 104960K, 0% used [0x00000000f2700000,0x00000000f2700000,0x00000000f8d80000)
 ParOldGen       total 629760K, used 585709K [0x00000000c0000000, 0x00000000e6700000, 0x00000000eab00000)
  object space 629760K, 93% used [0x00000000c0000000,0x00000000e3bfb620,0x00000000e6700000)
 Metaspace       used 6432K, capacity 7280K, committed 7552K, reserved 1056768K
  class space    used 588K, capacity 616K, committed 640K, reserved 1048576K
}
Event: 27,320 GC heap before
{Heap before GC invocations=35 (full 4):
 PSYoungGen      total 228864K, used 146263K [0x00000000eab00000, 0x00000000ff400000, 0x0000000100000000)
  eden space 126976K, 100% used [0x00000000eab00000,0x00000000f2700000,0x00000000f2700000)
  from space 101888K, 18% used [0x00000000f9080000,0x00000000fa355c70,0x00000000ff400000)
  to   space 104960K, 0% used [0x00000000f2700000,0x00000000f2700000,0x00000000f8d80000)
 ParOldGen       total 629760K, used 585709K [0x00000000c0000000, 0x00000000e6700000, 0x00000000eab00000)
  object space 629760K, 93% used [0x00000000c0000000,0x00000000e3bfb620,0x00000000e6700000)
 Metaspace       used 6432K, capacity 7280K, committed 7552K, reserved 1056768K
  class space    used 588K, capacity 616K, committed 640K, reserved 1048576K
Event: 27,395 GC heap after
Heap after GC invocations=35 (full 4):
 PSYoungGen      total 231936K, used 20928K [0x00000000eab00000, 0x00000000ffa00000, 0x0000000100000000)
  eden space 126976K, 0% used [0x00000000eab00000,0x00000000eab00000,0x00000000f2700000)
  from space 104960K, 19% used [0x00000000f2700000,0x00000000f3b70000,0x00000000f8d80000)
  to   space 100352K, 0% used [0x00000000f9800000,0x00000000f9800000,0x00000000ffa00000)
 ParOldGen       total 629760K, used 604339K [0x00000000c0000000, 0x00000000e6700000, 0x00000000eab00000)
  object space 629760K, 95% used [0x00000000c0000000,0x00000000e4e2ce30,0x00000000e6700000)
 Metaspace       used 6432K, capacity 7280K, committed 7552K, reserved 1056768K
  class space    used 588K, capacity 616K, committed 640K, reserved 1048576K
}
Event: 27,397 GC heap before
{Heap before GC invocations=36 (full 5):
 PSYoungGen      total 231936K, used 20928K [0x00000000eab00000, 0x00000000ffa00000, 0x0000000100000000)
  eden space 126976K, 0% used [0x00000000eab00000,0x00000000eab00000,0x00000000f2700000)
  from space 104960K, 19% used [0x00000000f2700000,0x00000000f3b70000,0x00000000f8d80000)
  to   space 100352K, 0% used [0x00000000f9800000,0x00000000f9800000,0x00000000ffa00000)
 ParOldGen       total 629760K, used 604339K [0x00000000c0000000, 0x00000000e6700000, 0x00000000eab00000)
  object space 629760K, 95% used [0x00000000c0000000,0x00000000e4e2ce30,0x00000000e6700000)
 Metaspace       used 6432K, capacity 7280K, committed 7552K, reserved 1056768K
  class space    used 588K, capacity 616K, committed 640K, reserved 1048576K

Deoptimization events (10 events):
Event: 22,191 Thread 0x00007f92701bf000 Uncommon trap: reason=class_check action=maybe_recompile pc=0x00007f9260a67608 method=com.android.dx.ssa.SCCP.replaceConstants()V @ 127
Event: 22,284 Thread 0x00007f92701bf000 Uncommon trap: reason=bimorphic action=maybe_recompile pc=0x00007f9260b033b8 method=com.android.dx.ssa.back.FirstFitLocalCombiningAllocator.findNextUnreservedRopReg(IILcom/android/dx/ssa/back/FirstFitLocalCombiningAllocator$Alignment;)I @ 60
Event: 22,284 Thread 0x00007f92701bf000 Uncommon trap: reason=bimorphic action=maybe_recompile pc=0x00007f9260b033b8 method=com.android.dx.ssa.back.FirstFitLocalCombiningAllocator.findNextUnreservedRopReg(IILcom/android/dx/ssa/back/FirstFitLocalCombiningAllocator$Alignment;)I @ 60
Event: 22,502 Thread 0x00007f92701bb800 Uncommon trap: reason=null_check action=make_not_entrant pc=0x00007f9260a0cb3c method=com.android.dx.dex.cf.AttributeTranslator.getSignature(Lcom/android/dx/cf/iface/AttributeList;)Lcom/android/dx/rop/annotation/Annotation; @ 8
Event: 22,583 Thread 0x00007f92701b6000 Uncommon trap: reason=unstable_if action=reinterpret pc=0x00007f92612c2314 method=java.util.HashMap$TreeNode.find(ILjava/lang/Object;Ljava/lang/Class;)Ljava/util/HashMap$TreeNode; @ 102
Event: 22,609 Thread 0x00007f92701bf000 Uncommon trap: reason=bimorphic action=maybe_recompile pc=0x00007f9260b033b8 method=com.android.dx.ssa.back.FirstFitLocalCombiningAllocator.findNextUnreservedRopReg(IILcom/android/dx/ssa/back/FirstFitLocalCombiningAllocator$Alignment;)I @ 60
Event: 23,860 Thread 0x00007f92701bb800 Uncommon trap: reason=null_check action=make_not_entrant pc=0x00007f92613165f4 method=com.android.dx.dex.file.FieldIdsSection.intern(Lcom/android/dx/rop/cst/CstFieldRef;)Lcom/android/dx/dex/file/FieldIdItem; @ 26
Event: 26,269 Thread 0x00007f92701b6000 Uncommon trap: reason=unstable_if action=reinterpret pc=0x00007f9260b6339c method=com.android.dx.ssa.back.SsaToRop.convertBasicBlock(Lcom/android/dx/ssa/SsaBasicBlock;)Lcom/android/dx/rop/code/BasicBlock; @ 21
Event: 26,463 Thread 0x00007f92701b6000 Uncommon trap: reason=bimorphic action=maybe_recompile pc=0x00007f9260b033b8 method=com.android.dx.ssa.back.FirstFitLocalCombiningAllocator.findNextUnreservedRopReg(IILcom/android/dx/ssa/back/FirstFitLocalCombiningAllocator$Alignment;)I @ 60
Event: 26,773 Thread 0x00007f92701bf000 Uncommon trap: reason=unstable_if action=reinterpret pc=0x00007f92609521e0 method=com.android.dx.cf.code.Merger.mergeType(Lcom/android/dx/rop/type/TypeBearer;Lcom/android/dx/rop/type/TypeBearer;)Lcom/android/dx/rop/type/TypeBearer; @ 133

Internal exceptions (7 events):
Event: 0,014 Thread 0x00007f927000a000 Exception <a 'java/lang/NoSuchMethodError': Method sun.misc.Unsafe.defineClass(Ljava/lang/String;[BII)Ljava/lang/Class; name or signature does not match> (0x00000000eab07c78) thrown at [/ssd/Android/AOSP-openjdk/external/jetbrains/jdk/hotspot/src/share/vm
Event: 0,014 Thread 0x00007f927000a000 Exception <a 'java/lang/NoSuchMethodError': Method sun.misc.Unsafe.prefetchRead(Ljava/lang/Object;J)V name or signature does not match> (0x00000000eab07f60) thrown at [/ssd/Android/AOSP-openjdk/external/jetbrains/jdk/hotspot/src/share/vm/prims/jni.cpp, li
Event: 0,903 Thread 0x00007f927000a000 Implicit null exception at 0x00007f9260a994e2 to 0x00007f9260a995db
Event: 1,347 Thread 0x00007f92701b6000 Exception <a 'java/lang/ArrayIndexOutOfBoundsException': 18> (0x00000000ee6c5f48) thrown at [/ssd/Android/AOSP-openjdk/external/jetbrains/jdk/hotspot/src/share/vm/interpreter/interpreterRuntime.cpp, line 366]
Event: 1,348 Thread 0x00007f92701b6000 Exception <a 'java/lang/ArrayIndexOutOfBoundsException': 145> (0x00000000ee6c7ac8) thrown at [/ssd/Android/AOSP-openjdk/external/jetbrains/jdk/hotspot/src/share/vm/interpreter/interpreterRuntime.cpp, line 366]
Event: 1,349 Thread 0x00007f92701b6000 Exception <a 'java/lang/ArrayIndexOutOfBoundsException': 40> (0x00000000ee6c8db0) thrown at [/ssd/Android/AOSP-openjdk/external/jetbrains/jdk/hotspot/src/share/vm/interpreter/interpreterRuntime.cpp, line 366]
Event: 22,502 Thread 0x00007f92701bb800 Implicit null exception at 0x00007f9260a08c4c to 0x00007f9260a0cb05

Events (10 events):
Event: 27,239 Thread 0x00007f92701bf000 DEOPT UNPACKING pc=0x00007f92607f4373 sp=0x00007f92468afca8 mode 0
Event: 27,244 Thread 0x00007f92701b3000 DEOPT PACKING pc=0x00007f9260a518ad sp=0x00007f9246cb3f20
Event: 27,244 Thread 0x00007f92701b3000 DEOPT UNPACKING pc=0x00007f92607f4373 sp=0x00007f9246cb3ca8 mode 0
Event: 27,251 Thread 0x00007f92701b3000 DEOPT PACKING pc=0x00007f9260a518ad sp=0x00007f9246cb3f20
Event: 27,251 Thread 0x00007f92701b3000 DEOPT UNPACKING pc=0x00007f92607f4373 sp=0x00007f9246cb3ca8 mode 0
Event: 27,260 Thread 0x00007f927000a000 DEOPT PACKING pc=0x00007f9260adfcd0 sp=0x00007f9276833830
Event: 27,260 Thread 0x00007f927000a000 DEOPT UNPACKING pc=0x00007f92607f4373 sp=0x00007f9276833618 mode 0
Event: 27,290 Thread 0x00007f92701b3000 DEOPT PACKING pc=0x00007f9260b4b6ec sp=0x00007f9246cb4270
Event: 27,290 Thread 0x00007f92701b3000 DEOPT UNPACKING pc=0x00007f92607f4373 sp=0x00007f9246cb4010 mode 0
Event: 27,320 Executing VM operation: ParallelGCFailedAllocation


Dynamic libraries:
00400000-00401000 r-xp 00000000 08:02 9830720                            /opt/google/android-studio/jre/bin/java
00600000-00601000 r--p 00000000 08:02 9830720                            /opt/google/android-studio/jre/bin/java
00601000-00602000 rw-p 00001000 08:02 9830720                            /opt/google/android-studio/jre/bin/java
01fed000-0200e000 rw-p 00000000 00:00 0                                  [heap]
c0000000-e6700000 rw-p 00000000 00:00 0 
eab00000-ffa00000 rw-p 00000000 00:00 0 
ffa00000-100000000 ---p 00000000 00:00 0 
100000000-1000a0000 rw-p 00000000 00:00 0 
1000a0000-140000000 ---p 00000000 00:00 0 
7f920c000000-7f920c037000 rw-p 00000000 00:00 0 
7f920c037000-7f9210000000 ---p 00000000 00:00 0 
7f9214000000-7f921413e000 rw-p 00000000 00:00 0 
7f921413e000-7f9218000000 ---p 00000000 00:00 0 
7f9218000000-7f9218064000 rw-p 00000000 00:00 0 
7f9218064000-7f921c000000 ---p 00000000 00:00 0 
7f921c000000-7f921c082000 rw-p 00000000 00:00 0 
7f921c082000-7f9220000000 ---p 00000000 00:00 0 
7f9220000000-7f9220021000 rw-p 00000000 00:00 0 
7f9220021000-7f9224000000 ---p 00000000 00:00 0 
7f9224000000-7f9224021000 rw-p 00000000 00:00 0 
7f9224021000-7f9228000000 ---p 00000000 00:00 0 
7f9228000000-7f9228021000 rw-p 00000000 00:00 0 
7f9228021000-7f922c000000 ---p 00000000 00:00 0 
7f922c000000-7f922d4a3000 rw-p 00000000 00:00 0 
7f922d4a3000-7f9230000000 ---p 00000000 00:00 0 
7f9230000000-7f92308be000 rw-p 00000000 00:00 0 
7f92308be000-7f9234000000 ---p 00000000 00:00 0 
7f9234000000-7f9234021000 rw-p 00000000 00:00 0 
7f9234021000-7f9238000000 ---p 00000000 00:00 0 
7f9238000000-7f923951c000 rw-p 00000000 00:00 0 
7f923951c000-7f923c000000 ---p 00000000 00:00 0 
7f923c000000-7f923c021000 rw-p 00000000 00:00 0 
7f923c021000-7f9240000000 ---p 00000000 00:00 0 
7f9240000000-7f9240021000 rw-p 00000000 00:00 0 
7f9240021000-7f9244000000 ---p 00000000 00:00 0 
7f92467b1000-7f92467b4000 ---p 00000000 00:00 0 
7f92467b4000-7f92468b2000 rw-p 00000000 00:00 0 
7f92468b2000-7f92468b5000 ---p 00000000 00:00 0 
7f92468b5000-7f92469b3000 rw-p 00000000 00:00 0 
7f92469b3000-7f92469b6000 ---p 00000000 00:00 0 
7f92469b6000-7f9246ab4000 rw-p 00000000 00:00 0 
7f9246ab4000-7f9246ab7000 ---p 00000000 00:00 0 
7f9246ab7000-7f9246bb5000 rw-p 00000000 00:00 0 
7f9246bb5000-7f9246bb8000 ---p 00000000 00:00 0 
7f9246bb8000-7f9246cb6000 rw-p 00000000 00:00 0 
7f9246cb6000-7f9246db9000 r--s 00ae0000 08:02 9836791                    /home/victor/android-okhttp3/app/build/intermediates/multi-dex/debug/allclasses.jar
7f9246db9000-7f9246dba000 ---p 00000000 00:00 0 
7f9246dba000-7f9246eba000 rw-p 00000000 00:00 0 
7f9246eba000-7f9246ebd000 ---p 00000000 00:00 0 
7f9246ebd000-7f9246fbb000 rw-p 00000000 00:00 0 
7f9246fbb000-7f9246fbe000 ---p 00000000 00:00 0 
7f9246fbe000-7f92470bc000 rw-p 00000000 00:00 0 
7f92470bc000-7f92470bf000 ---p 00000000 00:00 0 
7f92470bf000-7f92471bd000 rw-p 00000000 00:00 0 
7f92471bd000-7f92471c0000 ---p 00000000 00:00 0 
7f92471c0000-7f92472be000 rw-p 00000000 00:00 0 
7f92472be000-7f92472c1000 ---p 00000000 00:00 0 
7f92472c1000-7f92473bf000 rw-p 00000000 00:00 0 
7f92473bf000-7f9247eff000 r--p 00000000 08:02 14294050                   /usr/lib/locale/locale-archive
7f9247eff000-7f9247f02000 ---p 00000000 00:00 0 
7f9247f02000-7f9248000000 rw-p 00000000 00:00 0 
7f9248000000-7f9248021000 rw-p 00000000 00:00 0 
7f9248021000-7f924c000000 ---p 00000000 00:00 0 
7f924c000000-7f924c282000 rw-p 00000000 00:00 0 
7f924c282000-7f9250000000 ---p 00000000 00:00 0 
7f9250000000-7f9250021000 rw-p 00000000 00:00 0 
7f9250021000-7f9254000000 ---p 00000000 00:00 0 
7f9254000000-7f9254021000 rw-p 00000000 00:00 0 
7f9254021000-7f9258000000 ---p 00000000 00:00 0 
7f9258000000-7f9258021000 rw-p 00000000 00:00 0 
7f9258021000-7f925c000000 ---p 00000000 00:00 0 
7f925c033000-7f925c063000 r--p 00000000 08:02 2231105                    /usr/share/locale-langpack/uk/LC_MESSAGES/libc.mo
7f925c063000-7f925c066000 ---p 00000000 00:00 0 
7f925c066000-7f925c164000 rw-p 00000000 00:00 0 
7f925c164000-7f925c165000 ---p 00000000 00:00 0 
7f925c165000-7f925d219000 rw-p 00000000 00:00 0 
7f925d219000-7f925d3e8000 r--s 03c1b000 08:02 9830780                    /opt/google/android-studio/jre/jre/lib/rt.jar
7f925d3e8000-7f925daa8000 rw-p 00000000 00:00 0 
7f925daa8000-7f925dbe8000 ---p 00000000 00:00 0 
7f925dbe8000-7f925fde8000 rw-p 00000000 00:00 0 
7f925fde8000-7f925fde9000 ---p 00000000 00:00 0 
7f925fde9000-7f925fee9000 rw-p 00000000 00:00 0 
7f925fee9000-7f925feea000 ---p 00000000 00:00 0 
7f925feea000-7f925ffea000 rw-p 00000000 00:00 0 
7f925ffea000-7f925ffeb000 ---p 00000000 00:00 0 
7f925ffeb000-7f92600eb000 rw-p 00000000 00:00 0 
7f92600eb000-7f92600ec000 ---p 00000000 00:00 0 
7f92600ec000-7f9260320000 rw-p 00000000 00:00 0 
7f9260320000-7f9260341000 ---p 00000000 00:00 0 
7f9260341000-7f92603e9000 rw-p 00000000 00:00 0 
7f92603e9000-7f92603ec000 ---p 00000000 00:00 0 
7f92603ec000-7f926041c000 rw-p 00000000 00:00 0 
7f926041c000-7f92607ad000 ---p 00000000 00:00 0 
7f92607ad000-7f926133d000 rwxp 00000000 00:00 0 
7f926133d000-7f926f7ad000 ---p 00000000 00:00 0 
7f926f7ad000-7f926f7c7000 r-xp 00000000 08:02 9830784                    /opt/google/android-studio/jre/jre/lib/amd64/libzip.so
7f926f7c7000-7f926f9c7000 ---p 0001a000 08:02 9830784                    /opt/google/android-studio/jre/jre/lib/amd64/libzip.so
7f926f9c7000-7f926f9c8000 r--p 0001a000 08:02 9830784                    /opt/google/android-studio/jre/jre/lib/amd64/libzip.so
7f926f9c8000-7f926f9c9000 rw-p 0001b000 08:02 9830784                    /opt/google/android-studio/jre/jre/lib/amd64/libzip.so
7f926f9c9000-7f926f9d4000 r-xp 00000000 08:02 12849733                   /lib/x86_64-linux-gnu/libnss_files-2.24.so
7f926f9d4000-7f926fbd3000 ---p 0000b000 08:02 12849733                   /lib/x86_64-linux-gnu/libnss_files-2.24.so
7f926fbd3000-7f926fbd4000 r--p 0000a000 08:02 12849733                   /lib/x86_64-linux-gnu/libnss_files-2.24.so
7f926fbd4000-7f926fbd5000 rw-p 0000b000 08:02 12849733                   /lib/x86_64-linux-gnu/libnss_files-2.24.so
7f926fbd5000-7f926fbdb000 rw-p 00000000 00:00 0 
7f926fbdb000-7f926fbe6000 r-xp 00000000 08:02 12849743                   /lib/x86_64-linux-gnu/libnss_nis-2.24.so
7f926fbe6000-7f926fde5000 ---p 0000b000 08:02 12849743                   /lib/x86_64-linux-gnu/libnss_nis-2.24.so
7f926fde5000-7f926fde6000 r--p 0000a000 08:02 12849743                   /lib/x86_64-linux-gnu/libnss_nis-2.24.so
7f926fde6000-7f926fde7000 rw-p 0000b000 08:02 12849743                   /lib/x86_64-linux-gnu/libnss_nis-2.24.so
7f926fde7000-7f926fdfd000 r-xp 00000000 08:02 12849727                   /lib/x86_64-linux-gnu/libnsl-2.24.so
7f926fdfd000-7f926fffc000 ---p 00016000 08:02 12849727                   /lib/x86_64-linux-gnu/libnsl-2.24.so
7f926fffc000-7f926fffd000 r--p 00015000 08:02 12849727                   /lib/x86_64-linux-gnu/libnsl-2.24.so
7f926fffd000-7f926fffe000 rw-p 00016000 08:02 12849727                   /lib/x86_64-linux-gnu/libnsl-2.24.so
7f926fffe000-7f9270000000 rw-p 00000000 00:00 0 
7f9270000000-7f927041f000 rw-p 00000000 00:00 0 
7f927041f000-7f9274000000 ---p 00000000 00:00 0 
7f9274003000-7f9274012000 r--s 000df000 08:02 4201957                    /opt/google/android-sdk-linux/build-tools/23.0.1/lib/dx.jar
7f9274012000-7f92741bc000 rw-p 00000000 00:00 0 
7f92741bc000-7f92741de000 ---p 00000000 00:00 0 
7f92741de000-7f92741e6000 r-xp 00000000 08:02 12849729                   /lib/x86_64-linux-gnu/libnss_compat-2.24.so
7f92741e6000-7f92743e5000 ---p 00008000 08:02 12849729                   /lib/x86_64-linux-gnu/libnss_compat-2.24.so
7f92743e5000-7f92743e6000 r--p 00007000 08:02 12849729                   /lib/x86_64-linux-gnu/libnss_compat-2.24.so
7f92743e6000-7f92743e7000 rw-p 00008000 08:02 12849729                   /lib/x86_64-linux-gnu/libnss_compat-2.24.so
7f92743e7000-7f9274414000 r-xp 00000000 08:02 9830785                    /opt/google/android-studio/jre/jre/lib/amd64/libjava.so
7f9274414000-7f9274613000 ---p 0002d000 08:02 9830785                    /opt/google/android-studio/jre/jre/lib/amd64/libjava.so
7f9274613000-7f9274614000 r--p 0002c000 08:02 9830785                    /opt/google/android-studio/jre/jre/lib/amd64/libjava.so
7f9274614000-7f9274616000 rw-p 0002d000 08:02 9830785                    /opt/google/android-studio/jre/jre/lib/amd64/libjava.so
7f9274616000-7f9274626000 r-xp 00000000 08:02 9830813                    /opt/google/android-studio/jre/jre/lib/amd64/libverify.so
7f9274626000-7f9274825000 ---p 00010000 08:02 9830813                    /opt/google/android-studio/jre/jre/lib/amd64/libverify.so
7f9274825000-7f9274827000 r--p 0000f000 08:02 9830813                    /opt/google/android-studio/jre/jre/lib/amd64/libverify.so
7f9274827000-7f9274828000 rw-p 00011000 08:02 9830813                    /opt/google/android-studio/jre/jre/lib/amd64/libverify.so
7f9274828000-7f927482f000 r-xp 00000000 08:02 12849787                   /lib/x86_64-linux-gnu/librt-2.24.so
7f927482f000-7f9274a2e000 ---p 00007000 08:02 12849787                   /lib/x86_64-linux-gnu/librt-2.24.so
7f9274a2e000-7f9274a2f000 r--p 00006000 08:02 12849787                   /lib/x86_64-linux-gnu/librt-2.24.so
7f9274a2f000-7f9274a30000 rw-p 00007000 08:02 12849787                   /lib/x86_64-linux-gnu/librt-2.24.so
7f9274a30000-7f9274b38000 r-xp 00000000 08:02 12849704                   /lib/x86_64-linux-gnu/libm-2.24.so
7f9274b38000-7f9274d37000 ---p 00108000 08:02 12849704                   /lib/x86_64-linux-gnu/libm-2.24.so
7f9274d37000-7f9274d38000 r--p 00107000 08:02 12849704                   /lib/x86_64-linux-gnu/libm-2.24.so
7f9274d38000-7f9274d39000 rw-p 00108000 08:02 12849704                   /lib/x86_64-linux-gnu/libm-2.24.so
7f9274d39000-7f927592a000 r-xp 00000000 08:02 9830809                    /opt/google/android-studio/jre/jre/lib/amd64/server/libjvm.so
7f927592a000-7f9275b2a000 ---p 00bf1000 08:02 9830809                    /opt/google/android-studio/jre/jre/lib/amd64/server/libjvm.so
7f9275b2a000-7f9275bc9000 r--p 00bf1000 08:02 9830809                    /opt/google/android-studio/jre/jre/lib/amd64/server/libjvm.so
7f9275bc9000-7f9275bf2000 rw-p 00c90000 08:02 9830809                    /opt/google/android-studio/jre/jre/lib/amd64/server/libjvm.so
7f9275bf2000-7f9275c36000 rw-p 00000000 00:00 0 
7f9275c36000-7f9275c4e000 r-xp 00000000 08:02 12849779                   /lib/x86_64-linux-gnu/libpthread-2.24.so
7f9275c4e000-7f9275e4e000 ---p 00018000 08:02 12849779                   /lib/x86_64-linux-gnu/libpthread-2.24.so
7f9275e4e000-7f9275e4f000 r--p 00018000 08:02 12849779                   /lib/x86_64-linux-gnu/libpthread-2.24.so
7f9275e4f000-7f9275e50000 rw-p 00019000 08:02 12849779                   /lib/x86_64-linux-gnu/libpthread-2.24.so
7f9275e50000-7f9275e54000 rw-p 00000000 00:00 0 
7f9275e54000-7f9275e57000 r-xp 00000000 08:02 12849662                   /lib/x86_64-linux-gnu/libdl-2.24.so
7f9275e57000-7f9276056000 ---p 00003000 08:02 12849662                   /lib/x86_64-linux-gnu/libdl-2.24.so
7f9276056000-7f9276057000 r--p 00002000 08:02 12849662                   /lib/x86_64-linux-gnu/libdl-2.24.so
7f9276057000-7f9276058000 rw-p 00003000 08:02 12849662                   /lib/x86_64-linux-gnu/libdl-2.24.so
7f9276058000-7f9276215000 r-xp 00000000 08:02 12849636                   /lib/x86_64-linux-gnu/libc-2.24.so
7f9276215000-7f9276415000 ---p 001bd000 08:02 12849636                   /lib/x86_64-linux-gnu/libc-2.24.so
7f9276415000-7f9276419000 r--p 001bd000 08:02 12849636                   /lib/x86_64-linux-gnu/libc-2.24.so
7f9276419000-7f927641b000 rw-p 001c1000 08:02 12849636                   /lib/x86_64-linux-gnu/libc-2.24.so
7f927641b000-7f927641f000 rw-p 00000000 00:00 0 
7f927641f000-7f9276435000 r-xp 00000000 08:02 9830711                    /opt/google/android-studio/jre/lib/amd64/jli/libjli.so
7f9276435000-7f9276634000 ---p 00016000 08:02 9830711                    /opt/google/android-studio/jre/lib/amd64/jli/libjli.so
7f9276634000-7f9276635000 r--p 00015000 08:02 9830711                    /opt/google/android-studio/jre/lib/amd64/jli/libjli.so
7f9276635000-7f9276636000 rw-p 00016000 08:02 9830711                    /opt/google/android-studio/jre/lib/amd64/jli/libjli.so
7f9276636000-7f927665b000 r-xp 00000000 08:02 12849608                   /lib/x86_64-linux-gnu/ld-2.24.so
7f927665d000-7f9276664000 r--s 00000000 08:02 14553859                   /usr/lib/x86_64-linux-gnu/gconv/gconv-modules.cache
7f9276664000-7f9276735000 rw-p 00000000 00:00 0 
7f9276735000-7f9276738000 ---p 00000000 00:00 0 
7f9276738000-7f9276838000 rw-p 00000000 00:00 0 
7f927683a000-7f927684e000 rw-p 00000000 00:00 0 
7f927684e000-7f9276856000 rw-s 00000000 08:02 4207946                    /tmp/hsperfdata_victor/25618
7f9276856000-7f9276857000 rw-p 00000000 00:00 0 
7f9276857000-7f9276858000 ---p 00000000 00:00 0 
7f9276858000-7f927685b000 rw-p 00000000 00:00 0 
7f927685b000-7f927685c000 r--p 00025000 08:02 12849608                   /lib/x86_64-linux-gnu/ld-2.24.so
7f927685c000-7f927685d000 rw-p 00026000 08:02 12849608                   /lib/x86_64-linux-gnu/ld-2.24.so
7f927685d000-7f927685e000 rw-p 00000000 00:00 0 
7ffff5e81000-7ffff5ea2000 rw-p 00000000 00:00 0                          [stack]
7ffff5fd6000-7ffff5fd8000 r--p 00000000 00:00 0                          [vvar]
7ffff5fd8000-7ffff5fda000 r-xp 00000000 00:00 0                          [vdso]
ffffffffff600000-ffffffffff601000 r-xp 00000000 00:00 0                  [vsyscall]

VM Arguments:
jvm_args: -Xmx1024M -Dfile.encoding=UTF-8 -Duser.country=UA -Duser.language=uk -Duser.variant 
java_command: com.android.dx.command.Main --dex --num-threads=4 --multi-dex --main-dex-list /home/victor/android-okhttp3/app/build/intermediates/multi-dex/debug/maindexlist.txt --output /home/victor/android-okhttp3/app/build/intermediates/dex/debug /home/victor/android-okhttp3/app/build/intermediates/multi-dex/debug/allclasses.jar
java_class_path (initial): /opt/google/android-sdk-linux/build-tools/23.0.1/lib/dx.jar
Launcher Type: SUN_STANDARD

Environment Variables:
JAVA_HOME=/usr/lib/jvm/java-8-oracle
PATH=/usr/local/sbin:/usr/local/bin:/usr/sbin:/usr/bin:/sbin:/bin:/usr/games:/usr/local/games:/opt/google/android-ndk-linux:/snap/bin:/usr/lib/jvm/java-8-oracle/bin:/usr/lib/jvm/java-8-oracle/db/bin:/usr/lib/jvm/java-8-oracle/jre/bin
LD_LIBRARY_PATH=/opt/google/android-studio/bin:
SHELL=/bin/bash
DISPLAY=:0

Signal Handlers:
SIGSEGV: [libjvm.so+0x9e5150], sa_mask[0]=11111111011111111101111111111110, sa_flags=SA_RESTART|SA_SIGINFO
SIGBUS: [libjvm.so+0x9e5150], sa_mask[0]=11111111011111111101111111111110, sa_flags=SA_RESTART|SA_SIGINFO
SIGFPE: [libjvm.so+0x848450], sa_mask[0]=11111111011111111101111111111110, sa_flags=SA_RESTART|SA_SIGINFO
SIGPIPE: [libjvm.so+0x848450], sa_mask[0]=11111111011111111101111111111110, sa_flags=SA_RESTART|SA_SIGINFO
SIGXFSZ: [libjvm.so+0x848450], sa_mask[0]=11111111011111111101111111111110, sa_flags=SA_RESTART|SA_SIGINFO
SIGILL: [libjvm.so+0x848450], sa_mask[0]=11111111011111111101111111111110, sa_flags=SA_RESTART|SA_SIGINFO
SIGUSR1: SIG_DFL, sa_mask[0]=00000000000000000000000000000000, sa_flags=none
SIGUSR2: [libjvm.so+0x848320], sa_mask[0]=00100000000000000000000000000000, sa_flags=SA_RESTART|SA_SIGINFO
SIGHUP: [libjvm.so+0x848510], sa_mask[0]=11111111011111111101111111111110, sa_flags=SA_RESTART|SA_SIGINFO
SIGINT: [libjvm.so+0x848510], sa_mask[0]=11111111011111111101111111111110, sa_flags=SA_RESTART|SA_SIGINFO
SIGTERM: [libjvm.so+0x848510], sa_mask[0]=11111111011111111101111111111110, sa_flags=SA_RESTART|SA_SIGINFO
SIGQUIT: [libjvm.so+0x848510], sa_mask[0]=11111111011111111101111111111110, sa_flags=SA_RESTART|SA_SIGINFO


---------------  S Y S T E M  ---------------

OS:DISTRIB_ID=Ubuntu
DISTRIB_RELEASE=17.04
DISTRIB_CODENAME=zesty
DISTRIB_DESCRIPTION="Ubuntu 17.04"

uname:Linux 4.10.0-21-generic #23-Ubuntu SMP Fri Apr 28 16:14:22 UTC 2017 x86_64
libc:glibc 2.24 NPTL 2.24 
rlimit: STACK 8192k, CORE 0k, NPROC 31036, NOFILE 4096, AS infinity
load average:5,26 3,78 2,49

/proc/meminfo:
MemTotal:        8073728 kB
MemFree:          123504 kB
MemAvailable:      22508 kB
Buffers:             512 kB
Cached:           674400 kB
SwapCached:         5992 kB
Active:          6803888 kB
Inactive:         863900 kB
Active(anon):    6796704 kB
Inactive(anon):   851308 kB
Active(file):       7184 kB
Inactive(file):    12592 kB
Unevictable:         412 kB
Mlocked:             412 kB
SwapTotal:       2097148 kB
SwapFree:              4 kB
Dirty:               292 kB
Writeback:             0 kB
AnonPages:       6990044 kB
Mapped:           245948 kB
Shmem:            654752 kB
Slab:             113788 kB
SReclaimable:      54028 kB
SUnreclaim:        59760 kB
KernelStack:       15152 kB
PageTables:        81368 kB
NFS_Unstable:          0 kB
Bounce:                0 kB
WritebackTmp:          0 kB
CommitLimit:     6134012 kB
Committed_AS:   17664428 kB
VmallocTotal:   34359738367 kB
VmallocUsed:           0 kB
VmallocChunk:          0 kB
HardwareCorrupted:     0 kB
AnonHugePages:   2289664 kB
ShmemHugePages:        0 kB
ShmemPmdMapped:        0 kB
CmaTotal:              0 kB
CmaFree:               0 kB
HugePages_Total:       0
HugePages_Free:        0
HugePages_Rsvd:        0
HugePages_Surp:        0
Hugepagesize:       2048 kB
DirectMap4k:      267420 kB
DirectMap2M:     8022016 kB
DirectMap1G:     1048576 kB


CPU:total 4 (2 cores per cpu, 2 threads per core) family 6 model 61 stepping 4, cmov, cx8, fxsr, mmx, sse, sse2, sse3, ssse3, sse4.1, sse4.2, popcnt, avx, avx2, aes, clmul, erms, 3dnowpref, lzcnt, ht, tsc, tscinvbit, bmi1, bmi2, adx

/proc/cpuinfo:
processor	: 0
vendor_id	: GenuineIntel
cpu family	: 6
model		: 61
model name	: Intel(R) Core(TM) i7-5500U CPU @ 2.40GHz
stepping	: 4
microcode	: 0x24
cpu MHz		: 2150.097
cache size	: 4096 KB
physical id	: 0
siblings	: 4
core id		: 0
cpu cores	: 2
apicid		: 0
initial apicid	: 0
fpu		: yes
fpu_exception	: yes
cpuid level	: 20
wp		: yes
flags		: fpu vme de pse tsc msr pae mce cx8 apic sep mtrr pge mca cmov pat pse36 clflush dts acpi mmx fxsr sse sse2 ss ht tm pbe syscall nx pdpe1gb rdtscp lm constant_tsc arch_perfmon pebs bts rep_good nopl xtopology nonstop_tsc aperfmperf pni pclmulqdq dtes64 monitor ds_cpl vmx est tm2 ssse3 sdbg fma cx16 xtpr pdcm pcid sse4_1 sse4_2 x2apic movbe popcnt tsc_deadline_timer aes xsave avx f16c rdrand lahf_lm abm 3dnowprefetch epb intel_pt tpr_shadow vnmi flexpriority ept vpid fsgsbase tsc_adjust bmi1 avx2 smep bmi2 erms invpcid rdseed adx smap xsaveopt dtherm ida arat pln pts
bugs		:
bogomips	: 4789.07
clflush size	: 64
cache_alignment	: 64
address sizes	: 39 bits physical, 48 bits virtual
power management:

processor	: 1
vendor_id	: GenuineIntel
cpu family	: 6
model		: 61
model name	: Intel(R) Core(TM) i7-5500U CPU @ 2.40GHz
stepping	: 4
microcode	: 0x24
cpu MHz		: 2249.414
cache size	: 4096 KB
physical id	: 0
siblings	: 4
core id		: 1
cpu cores	: 2
apicid		: 2
initial apicid	: 2
fpu		: yes
fpu_exception	: yes
cpuid level	: 20
wp		: yes
flags		: fpu vme de pse tsc msr pae mce cx8 apic sep mtrr pge mca cmov pat pse36 clflush dts acpi mmx fxsr sse sse2 ss ht tm pbe syscall nx pdpe1gb rdtscp lm constant_tsc arch_perfmon pebs bts rep_good nopl xtopology nonstop_tsc aperfmperf pni pclmulqdq dtes64 monitor ds_cpl vmx est tm2 ssse3 sdbg fma cx16 xtpr pdcm pcid sse4_1 sse4_2 x2apic movbe popcnt tsc_deadline_timer aes xsave avx f16c rdrand lahf_lm abm 3dnowprefetch epb intel_pt tpr_shadow vnmi flexpriority ept vpid fsgsbase tsc_adjust bmi1 avx2 smep bmi2 erms invpcid rdseed adx smap xsaveopt dtherm ida arat pln pts
bugs		:
bogomips	: 4789.07
clflush size	: 64
cache_alignment	: 64
address sizes	: 39 bits physical, 48 bits virtual
power management:

processor	: 2
vendor_id	: GenuineIntel
cpu family	: 6
model		: 61
model name	: Intel(R) Core(TM) i7-5500U CPU @ 2.40GHz
stepping	: 4
microcode	: 0x24
cpu MHz		: 2114.062
cache size	: 4096 KB
physical id	: 0
siblings	: 4
core id		: 0
cpu cores	: 2
apicid		: 1
initial apicid	: 1
fpu		: yes
fpu_exception	: yes
cpuid level	: 20
wp		: yes
flags		: fpu vme de pse tsc msr pae mce cx8 apic sep mtrr pge mca cmov pat pse36 clflush dts acpi mmx fxsr sse sse2 ss ht tm pbe syscall nx pdpe1gb rdtscp lm constant_tsc arch_perfmon pebs bts rep_good nopl xtopology nonstop_tsc aperfmperf pni pclmulqdq dtes64 monitor ds_cpl vmx est tm2 ssse3 sdbg fma cx16 xtpr pdcm pcid sse4_1 sse4_2 x2apic movbe popcnt tsc_deadline_timer aes xsave avx f16c rdrand lahf_lm abm 3dnowprefetch epb intel_pt tpr_shadow vnmi flexpriority ept vpid fsgsbase tsc_adjust bmi1 avx2 smep bmi2 erms invpcid rdseed adx smap xsaveopt dtherm ida arat pln pts
bugs		:
bogomips	: 4789.07
clflush size	: 64
cache_alignment	: 64
address sizes	: 39 bits physical, 48 bits virtual
power management:

processor	: 3
vendor_id	: GenuineIntel
cpu family	: 6
model		: 61
model name	: Intel(R) Core(TM) i7-5500U CPU @ 2.40GHz
stepping	: 4
microcode	: 0x24
cpu MHz		: 2263.476
cache size	: 4096 KB
physical id	: 0
siblings	: 4
core id		: 1
cpu cores	: 2
apicid		: 3
initial apicid	: 3
fpu		: yes
fpu_exception	: yes
cpuid level	: 20
wp		: yes
flags		: fpu vme de pse tsc msr pae mce cx8 apic sep mtrr pge mca cmov pat pse36 clflush dts acpi mmx fxsr sse sse2 ss ht tm pbe syscall nx pdpe1gb rdtscp lm constant_tsc arch_perfmon pebs bts rep_good nopl xtopology nonstop_tsc aperfmperf pni pclmulqdq dtes64 monitor ds_cpl vmx est tm2 ssse3 sdbg fma cx16 xtpr pdcm pcid sse4_1 sse4_2 x2apic movbe popcnt tsc_deadline_timer aes xsave avx f16c rdrand lahf_lm abm 3dnowprefetch epb intel_pt tpr_shadow vnmi flexpriority ept vpid fsgsbase tsc_adjust bmi1 avx2 smep bmi2 erms invpcid rdseed adx smap xsaveopt dtherm ida arat pln pts
bugs		:
bogomips	: 4789.07
clflush size	: 64
cache_alignment	: 64
address sizes	: 39 bits physical, 48 bits virtual
power management:



Memory: 4k page, physical 8073728k(122264k free), swap 2097148k(4k free)

vm_info: OpenJDK 64-Bit Server VM (25.112-b06) for linux-amd64 JRE (1.8.0_112-release-b06), built on Dec  6 2016 12:11:18 by "builder" with gcc 4.8.4

time: Tue May 30 14:44:19 2017
elapsed time: 31 seconds (0d 0h 0m 31s)

