#
# There is insufficient memory for the Java Runtime Environment to continue.
# Native memory allocation (mmap) failed to map 218628096 bytes for committing reserved memory.
# Possible reasons:
#   The system is out of physical RAM or swap space
#   In 32 bit mode, the process size limit was hit
# Possible solutions:
#   Reduce memory load on the system
#   Increase physical memory or swap space
#   Check if swap backing store is full
#   Use 64 bit Java on a 64 bit OS
#   Decrease Java heap size (-Xmx/-Xms)
#   Decrease number of Java threads
#   Decrease Java thread stack sizes (-Xss)
#   Set larger code cache with -XX:ReservedCodeCacheSize=
# This output file may be truncated or incomplete.
#
#  Out of Memory Error (os_linux.cpp:2627), pid=25854, tid=0x00007f9c3023d700
#
# JRE version: OpenJDK Runtime Environment (8.0_112-b06) (build 1.8.0_112-release-b06)
# Java VM: OpenJDK 64-Bit Server VM (25.112-b06 mixed mode linux-amd64 compressed oops)
# Failed to write core dump. Core dumps have been disabled. To enable core dumping, try "ulimit -c unlimited" before starting Java again
#

---------------  T H R E A D  ---------------

Current thread (0x00007f9c2c077800):  VMThread [stack: 0x00007f9c3013d000,0x00007f9c3023e000] [id=25863]

Stack: [0x00007f9c3013d000,0x00007f9c3023e000],  sp=0x00007f9c3023c4d0,  free space=1021k
Native frames: (J=compiled Java code, j=interpreted, Vv=VM code, C=native code)
V  [libjvm.so+0x9e465d]  VMError::report_and_die()+0x15d
V  [libjvm.so+0x4b6ada]  report_vm_out_of_memory(char const*, int, unsigned long, VMErrorType, char const*)+0x8a
V  [libjvm.so+0x84c860]  os::pd_commit_memory(char*, unsigned long, unsigned long, bool)+0xf0
V  [libjvm.so+0x84737f]  os::commit_memory(char*, unsigned long, unsigned long, bool)+0x1f
V  [libjvm.so+0x8bd3db]  PSVirtualSpace::expand_by(unsigned long)+0x5b
V  [libjvm.so+0x8ae1bb]  PSOldGen::expand_by(unsigned long) [clone .part.109]+0x1b
V  [libjvm.so+0x8ae37b]  PSOldGen::expand(unsigned long) [clone .part.111]+0xdb
V  [libjvm.so+0x8aec58]  PSOldGen::resize(unsigned long)+0x188
V  [libjvm.so+0x8b426c]  PSParallelCompact::invoke_no_policy(bool)+0x97c
V  [libjvm.so+0x8bb37d]  PSScavenge::invoke()+0x17d
V  [libjvm.so+0x86fcf3]  ParallelScavengeHeap::failed_mem_allocate(unsigned long)+0x63
V  [libjvm.so+0x9e6124]  VM_ParallelGCFailedAllocation::doit()+0x84
V  [libjvm.so+0x9ea537]  VM_Operation::evaluate()+0x47
V  [libjvm.so+0x9e8ff8]  VMThread::evaluate_operation(VM_Operation*)+0x2c8
V  [libjvm.so+0x9e9479]  VMThread::loop()+0x219
V  [libjvm.so+0x9e98c2]  VMThread::run()+0x72
V  [libjvm.so+0x849c82]  java_start(Thread*)+0xf2

VM_Operation (0x00007f9c158f50d0): ParallelGCFailedAllocation, mode: safepoint, requested by thread 0x00007f9c2c1a2000


---------------  P R O C E S S  ---------------

Java Threads: ( => current thread )
  0x00007f9c2c1a5000 JavaThread "pool-2-thread-4" [_thread_blocked, id=25876, stack(0x00007f9c156f5000,0x00007f9c157f6000)]
  0x00007f9c2c1a2000 JavaThread "pool-2-thread-3" [_thread_blocked, id=25875, stack(0x00007f9c157f6000,0x00007f9c158f7000)]
  0x00007f9c2c190000 JavaThread "pool-2-thread-2" [_thread_blocked, id=25874, stack(0x00007f9c158f7000,0x00007f9c159f8000)]
  0x00007f9c2c18f000 JavaThread "pool-3-thread-1" [_thread_blocked, id=25873, stack(0x00007f9c159f8000,0x00007f9c15af9000)]
  0x00007f9c2c18d000 JavaThread "pool-2-thread-1" [_thread_blocked, id=25872, stack(0x00007f9c15af9000,0x00007f9c15bfa000)]
  0x00007f9c2c0c8000 JavaThread "Service Thread" daemon [_thread_blocked, id=25870, stack(0x00007f9c15dfe000,0x00007f9c15eff000)]
  0x00007f9c2c0bc800 JavaThread "C1 CompilerThread2" daemon [_thread_blocked, id=25869, stack(0x00007f9c15eff000,0x00007f9c16000000)]
  0x00007f9c2c0bb000 JavaThread "C2 CompilerThread1" daemon [_thread_blocked, id=25868, stack(0x00007f9c1c0bc000,0x00007f9c1c1bd000)]
  0x00007f9c2c0b8000 JavaThread "C2 CompilerThread0" daemon [_thread_blocked, id=25867, stack(0x00007f9c1c1bd000,0x00007f9c1c2be000)]
  0x00007f9c2c0b6800 JavaThread "Signal Dispatcher" daemon [_thread_blocked, id=25866, stack(0x00007f9c1c2be000,0x00007f9c1c3bf000)]
  0x00007f9c2c083800 JavaThread "Finalizer" daemon [_thread_blocked, id=25865, stack(0x00007f9c1ceff000,0x00007f9c1d000000)]
  0x00007f9c2c07f000 JavaThread "Reference Handler" daemon [_thread_blocked, id=25864, stack(0x00007f9c3003c000,0x00007f9c3013d000)]
  0x00007f9c2c00a000 JavaThread "main" [_thread_blocked, id=25858, stack(0x00007f9c356fc000,0x00007f9c357fd000)]

Other Threads:
=>0x00007f9c2c077800 VMThread [stack: 0x00007f9c3013d000,0x00007f9c3023e000] [id=25863]
  0x00007f9c2c0ca800 WatcherThread [stack: 0x00007f9c15cfd000,0x00007f9c15dfe000] [id=25871]

VM state:at safepoint (normal execution)

VM Mutex/Monitor currently owned by a thread:  ([mutex/lock_event])
[0x00007f9c2c005e40] ExpandHeap_lock - owner thread: 0x00007f9c2c077800
[0x00007f9c2c0064c0] Threads_lock - owner thread: 0x00007f9c2c077800
[0x00007f9c2c0069c0] Heap_lock - owner thread: 0x00007f9c2c1a2000

Heap:
 PSYoungGen      total 230912K, used 10959K [0x00000000eab00000, 0x00000000ffe00000, 0x0000000100000000)
  eden space 116736K, 0% used [0x00000000eab00000,0x00000000eab00000,0x00000000f1d00000)
  from space 114176K, 9% used [0x00000000f8e80000,0x00000000f9933e10,0x00000000ffe00000)
  to   space 115200K, 0% used [0x00000000f1d00000,0x00000000f1d00000,0x00000000f8d80000)
 ParOldGen       total 485888K, used 485881K [0x00000000c0000000, 0x00000000dda80000, 0x00000000eab00000)
  object space 485888K, 99% used [0x00000000c0000000,0x00000000dda7e680,0x00000000dda80000)
 Metaspace       used 6435K, capacity 7280K, committed 7552K, reserved 1056768K
  class space    used 588K, capacity 616K, committed 640K, reserved 1048576K

Card table byte_map: [0x00007f9c32391000,0x00007f9c32592000] byte_map_base: 0x00007f9c31d91000

Marking Bits: (ParMarkBitMap*) 0x00007f9c34bce340
 Begin Bits: [0x00007f9c16000000, 0x00007f9c17000000)
 End Bits:   [0x00007f9c17000000, 0x00007f9c18000000)

Polling page: 0x00007f9c3581e000

CodeCache: size=245760Kb used=13176Kb max_used=13183Kb free=232583Kb
 bounds [0x00007f9c1d000000, 0x00007f9c1dcf0000, 0x00007f9c2c000000]
 total_blobs=2862 nmethods=2593 adapters=183
 compilation: enabled

Compilation events (10 events):
Event: 18,800 Thread 0x00007f9c2c0b8000 nmethod 2806 0x00007f9c1dce63d0 code [0x00007f9c1dce6600, 0x00007f9c1dce7338]
Event: 18,801 Thread 0x00007f9c2c0b8000 2804       4       com.android.dx.util.LabeledList::getMaxLabel (47 bytes)
Event: 18,803 Thread 0x00007f9c2c0b8000 nmethod 2804 0x00007f9c1dcc7290 code [0x00007f9c1dcc7400, 0x00007f9c1dcc75f8]
Event: 18,804 Thread 0x00007f9c2c0b8000 2692       4       com.android.dx.cf.code.ByteCatchList::listFor (120 bytes)
Event: 18,808 Thread 0x00007f9c2c0bc800 2809       3       com.android.dx.cf.code.Merger::mergeLocals (122 bytes)
Event: 18,810 Thread 0x00007f9c2c0bc800 nmethod 2809 0x00007f9c1dca9390 code [0x00007f9c1dca9620, 0x00007f9c1dcaa6e8]
Event: 18,814 Thread 0x00007f9c2c0b8000 nmethod 2692 0x00007f9c1dcdd150 code [0x00007f9c1dcdd2e0, 0x00007f9c1dcdd8b8]
Event: 18,814 Thread 0x00007f9c2c0b8000 2764       4       com.android.dx.cf.code.BaseMachine::popArgs (127 bytes)
Event: 18,822 Thread 0x00007f9c2c0bc800 2811 %     3       com.android.dx.rop.type.Prototype::compareTo @ 53 (120 bytes)
Event: 18,823 Thread 0x00007f9c2c0bc800 nmethod 2811% 0x00007f9c1dce8690 code [0x00007f9c1dce88c0, 0x00007f9c1dce9818]

GC Heap History (10 events):
Event: 17,338 GC heap after
Heap after GC invocations=25 (full 3):
 PSYoungGen      total 232960K, used 51479K [0x00000000eab00000, 0x00000000ff500000, 0x0000000100000000)
  eden space 126976K, 0% used [0x00000000eab00000,0x00000000eab00000,0x00000000f2700000)
  from space 105984K, 48% used [0x00000000f8d80000,0x00000000fbfc5f38,0x00000000ff500000)
  to   space 104960K, 0% used [0x00000000f2700000,0x00000000f2700000,0x00000000f8d80000)
 ParOldGen       total 485888K, used 375999K [0x00000000c0000000, 0x00000000dda80000, 0x00000000eab00000)
  object space 485888K, 77% used [0x00000000c0000000,0x00000000d6f2ff50,0x00000000dda80000)
 Metaspace       used 6432K, capacity 7280K, committed 7552K, reserved 1056768K
  class space    used 587K, capacity 616K, committed 640K, reserved 1048576K
}
Event: 17,656 GC heap before
{Heap before GC invocations=26 (full 3):
 PSYoungGen      total 232960K, used 178455K [0x00000000eab00000, 0x00000000ff500000, 0x0000000100000000)
  eden space 126976K, 100% used [0x00000000eab00000,0x00000000f2700000,0x00000000f2700000)
  from space 105984K, 48% used [0x00000000f8d80000,0x00000000fbfc5f38,0x00000000ff500000)
  to   space 104960K, 0% used [0x00000000f2700000,0x00000000f2700000,0x00000000f8d80000)
 ParOldGen       total 485888K, used 375999K [0x00000000c0000000, 0x00000000dda80000, 0x00000000eab00000)
  object space 485888K, 77% used [0x00000000c0000000,0x00000000d6f2ff50,0x00000000dda80000)
 Metaspace       used 6434K, capacity 7280K, committed 7552K, reserved 1056768K
  class space    used 588K, capacity 616K, committed 640K, reserved 1048576K
Event: 17,717 GC heap after
Heap after GC invocations=26 (full 3):
 PSYoungGen      total 231936K, used 70357K [0x00000000eab00000, 0x0000000100000000, 0x0000000100000000)
  eden space 126976K, 0% used [0x00000000eab00000,0x00000000eab00000,0x00000000f2700000)
  from space 104960K, 67% used [0x00000000f2700000,0x00000000f6bb5660,0x00000000f8d80000)
  to   space 109568K, 0% used [0x00000000f9500000,0x00000000f9500000,0x0000000100000000)
 ParOldGen       total 485888K, used 375999K [0x00000000c0000000, 0x00000000dda80000, 0x00000000eab00000)
  object space 485888K, 77% used [0x00000000c0000000,0x00000000d6f2ff50,0x00000000dda80000)
 Metaspace       used 6434K, capacity 7280K, committed 7552K, reserved 1056768K
  class space    used 588K, capacity 616K, committed 640K, reserved 1048576K
}
Event: 18,036 GC heap before
{Heap before GC invocations=27 (full 3):
 PSYoungGen      total 231936K, used 197333K [0x00000000eab00000, 0x0000000100000000, 0x0000000100000000)
  eden space 126976K, 100% used [0x00000000eab00000,0x00000000f2700000,0x00000000f2700000)
  from space 104960K, 67% used [0x00000000f2700000,0x00000000f6bb5660,0x00000000f8d80000)
  to   space 109568K, 0% used [0x00000000f9500000,0x00000000f9500000,0x0000000100000000)
 ParOldGen       total 485888K, used 375999K [0x00000000c0000000, 0x00000000dda80000, 0x00000000eab00000)
  object space 485888K, 77% used [0x00000000c0000000,0x00000000d6f2ff50,0x00000000dda80000)
 Metaspace       used 6434K, capacity 7280K, committed 7552K, reserved 1056768K
  class space    used 588K, capacity 616K, committed 640K, reserved 1048576K
Event: 18,141 GC heap after
Heap after GC invocations=27 (full 3):
 PSYoungGen      total 226304K, used 88639K [0x00000000eab00000, 0x0000000100000000, 0x0000000100000000)
  eden space 116736K, 0% used [0x00000000eab00000,0x00000000eab00000,0x00000000f1d00000)
  from space 109568K, 80% used [0x00000000f9500000,0x00000000feb8fd08,0x0000000100000000)
  to   space 116224K, 0% used [0x00000000f1d00000,0x00000000f1d00000,0x00000000f8e80000)
 ParOldGen       total 485888K, used 375999K [0x00000000c0000000, 0x00000000dda80000, 0x00000000eab00000)
  object space 485888K, 77% used [0x00000000c0000000,0x00000000d6f2ff50,0x00000000dda80000)
 Metaspace       used 6434K, capacity 7280K, committed 7552K, reserved 1056768K
  class space    used 588K, capacity 616K, committed 640K, reserved 1048576K
}
Event: 18,421 GC heap before
{Heap before GC invocations=28 (full 3):
 PSYoungGen      total 226304K, used 205375K [0x00000000eab00000, 0x0000000100000000, 0x0000000100000000)
  eden space 116736K, 100% used [0x00000000eab00000,0x00000000f1d00000,0x00000000f1d00000)
  from space 109568K, 80% used [0x00000000f9500000,0x00000000feb8fd08,0x0000000100000000)
  to   space 116224K, 0% used [0x00000000f1d00000,0x00000000f1d00000,0x00000000f8e80000)
 ParOldGen       total 485888K, used 375999K [0x00000000c0000000, 0x00000000dda80000, 0x00000000eab00000)
  object space 485888K, 77% used [0x00000000c0000000,0x00000000d6f2ff50,0x00000000dda80000)
 Metaspace       used 6435K, capacity 7280K, committed 7552K, reserved 1056768K
  class space    used 588K, capacity 616K, committed 640K, reserved 1048576K
Event: 18,568 GC heap after
Heap after GC invocations=28 (full 3):
 PSYoungGen      total 232960K, used 71457K [0x00000000eab00000, 0x0000000100000000, 0x0000000100000000)
  eden space 116736K, 0% used [0x00000000eab00000,0x00000000eab00000,0x00000000f1d00000)
  from space 116224K, 61% used [0x00000000f1d00000,0x00000000f62c8660,0x00000000f8e80000)
  to   space 116224K, 0% used [0x00000000f8e80000,0x00000000f8e80000,0x0000000100000000)
 ParOldGen       total 485888K, used 410110K [0x00000000c0000000, 0x00000000dda80000, 0x00000000eab00000)
  object space 485888K, 84% used [0x00000000c0000000,0x00000000d907f888,0x00000000dda80000)
 Metaspace       used 6435K, capacity 7280K, committed 7552K, reserved 1056768K
  class space    used 588K, capacity 616K, committed 640K, reserved 1048576K
}
Event: 18,852 GC heap before
{Heap before GC invocations=29 (full 3):
 PSYoungGen      total 232960K, used 188193K [0x00000000eab00000, 0x0000000100000000, 0x0000000100000000)
  eden space 116736K, 100% used [0x00000000eab00000,0x00000000f1d00000,0x00000000f1d00000)
  from space 116224K, 61% used [0x00000000f1d00000,0x00000000f62c8660,0x00000000f8e80000)
  to   space 116224K, 0% used [0x00000000f8e80000,0x00000000f8e80000,0x0000000100000000)
 ParOldGen       total 485888K, used 410110K [0x00000000c0000000, 0x00000000dda80000, 0x00000000eab00000)
  object space 485888K, 84% used [0x00000000c0000000,0x00000000d907f888,0x00000000dda80000)
 Metaspace       used 6435K, capacity 7280K, committed 7552K, reserved 1056768K
  class space    used 588K, capacity 616K, committed 640K, reserved 1048576K
Event: 18,953 GC heap after
Heap after GC invocations=29 (full 3):
 PSYoungGen      total 230912K, used 54103K [0x00000000eab00000, 0x00000000ffe00000, 0x0000000100000000)
  eden space 116736K, 0% used [0x00000000eab00000,0x00000000eab00000,0x00000000f1d00000)
  from space 114176K, 47% used [0x00000000f8e80000,0x00000000fc355df8,0x00000000ffe00000)
  to   space 115200K, 0% used [0x00000000f1d00000,0x00000000f1d00000,0x00000000f8d80000)
 ParOldGen       total 485888K, used 445893K [0x00000000c0000000, 0x00000000dda80000, 0x00000000eab00000)
  object space 485888K, 91% used [0x00000000c0000000,0x00000000db3715f0,0x00000000dda80000)
 Metaspace       used 6435K, capacity 7280K, committed 7552K, reserved 1056768K
  class space    used 588K, capacity 616K, committed 640K, reserved 1048576K
}
Event: 18,953 GC heap before
{Heap before GC invocations=30 (full 4):
 PSYoungGen      total 230912K, used 54103K [0x00000000eab00000, 0x00000000ffe00000, 0x0000000100000000)
  eden space 116736K, 0% used [0x00000000eab00000,0x00000000eab00000,0x00000000f1d00000)
  from space 114176K, 47% used [0x00000000f8e80000,0x00000000fc355df8,0x00000000ffe00000)
  to   space 115200K, 0% used [0x00000000f1d00000,0x00000000f1d00000,0x00000000f8d80000)
 ParOldGen       total 485888K, used 445893K [0x00000000c0000000, 0x00000000dda80000, 0x00000000eab00000)
  object space 485888K, 91% used [0x00000000c0000000,0x00000000db3715f0,0x00000000dda80000)
 Metaspace       used 6435K, capacity 7280K, committed 7552K, reserved 1056768K
  class space    used 588K, capacity 616K, committed 640K, reserved 1048576K

Deoptimization events (10 events):
Event: 11,469 Thread 0x00007f9c2c190000 Uncommon trap: reason=unstable_if action=reinterpret pc=0x00007f9c1db1ff10 method=com.android.dx.ssa.SsaMethod.blockIndexToRopLabel(I)I @ 1
Event: 12,020 Thread 0x00007f9c2c1a2000 Uncommon trap: reason=unstable_if action=reinterpret pc=0x00007f9c1db801e0 method=com.android.dx.dex.code.RopTranslator.outputBlock(Lcom/android/dx/rop/code/BasicBlock;I)V @ 140
Event: 12,045 Thread 0x00007f9c2c1a5000 Uncommon trap: reason=unstable_if action=reinterpret pc=0x00007f9c1db7ce80 method=com.android.dx.cf.code.Merger.mergeType(Lcom/android/dx/rop/type/TypeBearer;Lcom/android/dx/rop/type/TypeBearer;)Lcom/android/dx/rop/type/TypeBearer; @ 15
Event: 15,954 Thread 0x00007f9c2c1a5000 Uncommon trap: reason=unstable_if action=reinterpret pc=0x00007f9c1db8bc4c method=java.util.ArrayList.<init>(I)V @ 5
Event: 16,001 Thread 0x00007f9c2c1a5000 Uncommon trap: reason=unstable_if action=reinterpret pc=0x00007f9c1db85e44 method=java.util.ArrayList.<init>(I)V @ 5
Event: 17,159 Thread 0x00007f9c2c1a2000 Uncommon trap: reason=unstable_if action=reinterpret pc=0x00007f9c1dc5b564 method=com.android.dx.util.BitIntSet.has(I)Z @ 8
Event: 17,776 Thread 0x00007f9c2c1a5000 Uncommon trap: reason=unstable_if action=reinterpret pc=0x00007f9c1dc526d0 method=com.android.dx.ssa.SsaBasicBlock.scheduleMovesFromPhis()V @ 63
Event: 18,257 Thread 0x00007f9c2c1a2000 Uncommon trap: reason=unstable_if action=reinterpret pc=0x00007f9c1dbd9a0c method=java.util.HashMap$TreeNode.find(ILjava/lang/Object;Ljava/lang/Class;)Ljava/util/HashMap$TreeNode; @ 102
Event: 18,603 Thread 0x00007f9c2c1a2000 Uncommon trap: reason=unstable_if action=reinterpret pc=0x00007f9c1dc7ab80 method=com.android.dx.rop.cst.CstNat.equals(Ljava/lang/Object;)Z @ 25
Event: 18,806 Thread 0x00007f9c2c1a5000 Uncommon trap: reason=unstable_if action=reinterpret pc=0x00007f9c1dce6d64 method=com.android.dx.cf.code.Merger.mergeType(Lcom/android/dx/rop/type/TypeBearer;Lcom/android/dx/rop/type/TypeBearer;)Lcom/android/dx/rop/type/TypeBearer; @ 133

Internal exceptions (7 events):
Event: 0,014 Thread 0x00007f9c2c00a000 Exception <a 'java/lang/NoSuchMethodError': Method sun.misc.Unsafe.defineClass(Ljava/lang/String;[BII)Ljava/lang/Class; name or signature does not match> (0x00000000eab07c78) thrown at [/ssd/Android/AOSP-openjdk/external/jetbrains/jdk/hotspot/src/share/vm
Event: 0,014 Thread 0x00007f9c2c00a000 Exception <a 'java/lang/NoSuchMethodError': Method sun.misc.Unsafe.prefetchRead(Ljava/lang/Object;J)V name or signature does not match> (0x00000000eab07f60) thrown at [/ssd/Android/AOSP-openjdk/external/jetbrains/jdk/hotspot/src/share/vm/prims/jni.cpp, li
Event: 0,649 Thread 0x00007f9c2c1a5000 Implicit null exception at 0x00007f9c1d2ddc7f to 0x00007f9c1d2e01c5
Event: 1,075 Thread 0x00007f9c2c1a2000 Implicit null exception at 0x00007f9c1d3f33e2 to 0x00007f9c1d3f34db
Event: 1,623 Thread 0x00007f9c2c190000 Exception <a 'java/lang/ArrayIndexOutOfBoundsException': 18> (0x00000000ed3a1650) thrown at [/ssd/Android/AOSP-openjdk/external/jetbrains/jdk/hotspot/src/share/vm/interpreter/interpreterRuntime.cpp, line 366]
Event: 1,624 Thread 0x00007f9c2c190000 Exception <a 'java/lang/ArrayIndexOutOfBoundsException': 145> (0x00000000ed3a31d0) thrown at [/ssd/Android/AOSP-openjdk/external/jetbrains/jdk/hotspot/src/share/vm/interpreter/interpreterRuntime.cpp, line 366]
Event: 1,626 Thread 0x00007f9c2c190000 Exception <a 'java/lang/ArrayIndexOutOfBoundsException': 40> (0x00000000ed3a44b8) thrown at [/ssd/Android/AOSP-openjdk/external/jetbrains/jdk/hotspot/src/share/vm/interpreter/interpreterRuntime.cpp, line 366]

Events (10 events):
Event: 18,786 Thread 0x00007f9c2c1a5000 DEOPT PACKING pc=0x00007f9c1d539c3d sp=0x00007f9c157f41d0
Event: 18,786 Thread 0x00007f9c2c1a5000 DEOPT UNPACKING pc=0x00007f9c1d047373 sp=0x00007f9c157f3f80 mode 0
Event: 18,787 Thread 0x00007f9c2c18d000 DEOPT PACKING pc=0x00007f9c1d88dfa5 sp=0x00007f9c15bf7fa0
Event: 18,787 Thread 0x00007f9c2c18d000 DEOPT UNPACKING pc=0x00007f9c1d047373 sp=0x00007f9c15bf7d20 mode 0
Event: 18,806 Thread 0x00007f9c2c1a5000 Uncommon trap: trap_request=0xffffff65 fr.pc=0x00007f9c1dce6d64
Event: 18,806 Thread 0x00007f9c2c1a5000 DEOPT PACKING pc=0x00007f9c1dce6d64 sp=0x00007f9c157f4160
Event: 18,806 Thread 0x00007f9c2c1a5000 DEOPT UNPACKING pc=0x00007f9c1d004f69 sp=0x00007f9c157f40b0 mode 2
Event: 18,842 Thread 0x00007f9c2c1a5000 DEOPT PACKING pc=0x00007f9c1d539c01 sp=0x00007f9c157f41d0
Event: 18,842 Thread 0x00007f9c2c1a5000 DEOPT UNPACKING pc=0x00007f9c1d047373 sp=0x00007f9c157f3f80 mode 0
Event: 18,852 Executing VM operation: ParallelGCFailedAllocation


Dynamic libraries:
00400000-00401000 r-xp 00000000 08:02 9830720                            /opt/google/android-studio/jre/bin/java
00600000-00601000 r--p 00000000 08:02 9830720                            /opt/google/android-studio/jre/bin/java
00601000-00602000 rw-p 00001000 08:02 9830720                            /opt/google/android-studio/jre/bin/java
02035000-02056000 rw-p 00000000 00:00 0                                  [heap]
c0000000-dda80000 rw-p 00000000 00:00 0 
eab00000-ffe00000 rw-p 00000000 00:00 0 
ffe00000-100000000 ---p 00000000 00:00 0 
100000000-1000a0000 rw-p 00000000 00:00 0 
1000a0000-140000000 ---p 00000000 00:00 0 
7f9bc8000000-7f9bc8022000 rw-p 00000000 00:00 0 
7f9bc8022000-7f9bcc000000 ---p 00000000 00:00 0 
7f9bd0000000-7f9bd0026000 rw-p 00000000 00:00 0 
7f9bd0026000-7f9bd4000000 ---p 00000000 00:00 0 
7f9bd4000000-7f9bd4036000 rw-p 00000000 00:00 0 
7f9bd4036000-7f9bd8000000 ---p 00000000 00:00 0 
7f9bd8000000-7f9bd8040000 rw-p 00000000 00:00 0 
7f9bd8040000-7f9bdc000000 ---p 00000000 00:00 0 
7f9bdc000000-7f9bdc021000 rw-p 00000000 00:00 0 
7f9bdc021000-7f9be0000000 ---p 00000000 00:00 0 
7f9be0000000-7f9be0021000 rw-p 00000000 00:00 0 
7f9be0021000-7f9be4000000 ---p 00000000 00:00 0 
7f9be4000000-7f9be4021000 rw-p 00000000 00:00 0 
7f9be4021000-7f9be8000000 ---p 00000000 00:00 0 
7f9be8000000-7f9be9776000 rw-p 00000000 00:00 0 
7f9be9776000-7f9bec000000 ---p 00000000 00:00 0 
7f9bec000000-7f9becd58000 rw-p 00000000 00:00 0 
7f9becd58000-7f9bf0000000 ---p 00000000 00:00 0 
7f9bf0000000-7f9bf0021000 rw-p 00000000 00:00 0 
7f9bf0021000-7f9bf4000000 ---p 00000000 00:00 0 
7f9bf4000000-7f9bf5d64000 rw-p 00000000 00:00 0 
7f9bf5d64000-7f9bf8000000 ---p 00000000 00:00 0 
7f9bf8000000-7f9bf8021000 rw-p 00000000 00:00 0 
7f9bf8021000-7f9bfc000000 ---p 00000000 00:00 0 
7f9bfc000000-7f9bfc021000 rw-p 00000000 00:00 0 
7f9bfc021000-7f9c00000000 ---p 00000000 00:00 0 
7f9c00000000-7f9c00021000 rw-p 00000000 00:00 0 
7f9c00021000-7f9c04000000 ---p 00000000 00:00 0 
7f9c04000000-7f9c04282000 rw-p 00000000 00:00 0 
7f9c04282000-7f9c08000000 ---p 00000000 00:00 0 
7f9c08000000-7f9c08021000 rw-p 00000000 00:00 0 
7f9c08021000-7f9c0c000000 ---p 00000000 00:00 0 
7f9c10000000-7f9c10021000 rw-p 00000000 00:00 0 
7f9c10021000-7f9c14000000 ---p 00000000 00:00 0 
7f9c156f5000-7f9c156f8000 ---p 00000000 00:00 0 
7f9c156f8000-7f9c157f6000 rw-p 00000000 00:00 0 
7f9c157f6000-7f9c157f9000 ---p 00000000 00:00 0 
7f9c157f9000-7f9c158f7000 rw-p 00000000 00:00 0 
7f9c158f7000-7f9c158fa000 ---p 00000000 00:00 0 
7f9c158fa000-7f9c159f8000 rw-p 00000000 00:00 0 
7f9c159f8000-7f9c159fb000 ---p 00000000 00:00 0 
7f9c159fb000-7f9c15af9000 rw-p 00000000 00:00 0 
7f9c15af9000-7f9c15afc000 ---p 00000000 00:00 0 
7f9c15afc000-7f9c15bfa000 rw-p 00000000 00:00 0 
7f9c15bfa000-7f9c15cfd000 r--s 00ae0000 08:02 9310382                    /home/victor/android-okhttp3/app/build/intermediates/multi-dex/debug/allclasses.jar
7f9c15cfd000-7f9c15cfe000 ---p 00000000 00:00 0 
7f9c15cfe000-7f9c15dfe000 rw-p 00000000 00:00 0 
7f9c15dfe000-7f9c15e01000 ---p 00000000 00:00 0 
7f9c15e01000-7f9c15eff000 rw-p 00000000 00:00 0 
7f9c15eff000-7f9c15f02000 ---p 00000000 00:00 0 
7f9c15f02000-7f9c18000000 rw-p 00000000 00:00 0 
7f9c18000000-7f9c18021000 rw-p 00000000 00:00 0 
7f9c18021000-7f9c1c000000 ---p 00000000 00:00 0 
7f9c1c08c000-7f9c1c0bc000 r--p 00000000 08:02 2231105                    /usr/share/locale-langpack/uk/LC_MESSAGES/libc.mo
7f9c1c0bc000-7f9c1c0bf000 ---p 00000000 00:00 0 
7f9c1c0bf000-7f9c1c1bd000 rw-p 00000000 00:00 0 
7f9c1c1bd000-7f9c1c1c0000 ---p 00000000 00:00 0 
7f9c1c1c0000-7f9c1c2be000 rw-p 00000000 00:00 0 
7f9c1c2be000-7f9c1c2c1000 ---p 00000000 00:00 0 
7f9c1c2c1000-7f9c1c3bf000 rw-p 00000000 00:00 0 
7f9c1c3bf000-7f9c1ceff000 r--p 00000000 08:02 14294050                   /usr/lib/locale/locale-archive
7f9c1ceff000-7f9c1cf02000 ---p 00000000 00:00 0 
7f9c1cf02000-7f9c1d000000 rw-p 00000000 00:00 0 
7f9c1d000000-7f9c1dcf0000 rwxp 00000000 00:00 0 
7f9c1dcf0000-7f9c2c000000 ---p 00000000 00:00 0 
7f9c2c000000-7f9c2c3b5000 rw-p 00000000 00:00 0 
7f9c2c3b5000-7f9c30000000 ---p 00000000 00:00 0 
7f9c3002d000-7f9c3003c000 r--s 000df000 08:02 4201957                    /opt/google/android-sdk-linux/build-tools/23.0.1/lib/dx.jar
7f9c3003c000-7f9c3003f000 ---p 00000000 00:00 0 
7f9c3003f000-7f9c3013d000 rw-p 00000000 00:00 0 
7f9c3013d000-7f9c3013e000 ---p 00000000 00:00 0 
7f9c3013e000-7f9c311f2000 rw-p 00000000 00:00 0 
7f9c311f2000-7f9c313c1000 r--s 03c1b000 08:02 9830780                    /opt/google/android-studio/jre/jre/lib/rt.jar
7f9c313c1000-7f9c31af7000 rw-p 00000000 00:00 0 
7f9c31af7000-7f9c31c37000 ---p 00000000 00:00 0 
7f9c31c37000-7f9c31e37000 rw-p 00000000 00:00 0 
7f9c31e37000-7f9c31e38000 ---p 00000000 00:00 0 
7f9c31e38000-7f9c31f38000 rw-p 00000000 00:00 0 
7f9c31f38000-7f9c31f39000 ---p 00000000 00:00 0 
7f9c31f39000-7f9c32039000 rw-p 00000000 00:00 0 
7f9c32039000-7f9c3203a000 ---p 00000000 00:00 0 
7f9c3203a000-7f9c3213a000 rw-p 00000000 00:00 0 
7f9c3213a000-7f9c3213b000 ---p 00000000 00:00 0 
7f9c3213b000-7f9c32329000 rw-p 00000000 00:00 0 
7f9c32329000-7f9c32391000 ---p 00000000 00:00 0 
7f9c32391000-7f9c3247f000 rw-p 00000000 00:00 0 
7f9c3247f000-7f9c324e6000 ---p 00000000 00:00 0 
7f9c324e6000-7f9c32590000 rw-p 00000000 00:00 0 
7f9c32590000-7f9c32591000 ---p 00000000 00:00 0 
7f9c32591000-7f9c325c6000 rw-p 00000000 00:00 0 
7f9c325c6000-7f9c32952000 ---p 00000000 00:00 0 
7f9c32952000-7f9c3296c000 r-xp 00000000 08:02 9830784                    /opt/google/android-studio/jre/jre/lib/amd64/libzip.so
7f9c3296c000-7f9c32b6c000 ---p 0001a000 08:02 9830784                    /opt/google/android-studio/jre/jre/lib/amd64/libzip.so
7f9c32b6c000-7f9c32b6d000 r--p 0001a000 08:02 9830784                    /opt/google/android-studio/jre/jre/lib/amd64/libzip.so
7f9c32b6d000-7f9c32b6e000 rw-p 0001b000 08:02 9830784                    /opt/google/android-studio/jre/jre/lib/amd64/libzip.so
7f9c32b6e000-7f9c32b79000 r-xp 00000000 08:02 12849733                   /lib/x86_64-linux-gnu/libnss_files-2.24.so
7f9c32b79000-7f9c32d78000 ---p 0000b000 08:02 12849733                   /lib/x86_64-linux-gnu/libnss_files-2.24.so
7f9c32d78000-7f9c32d79000 r--p 0000a000 08:02 12849733                   /lib/x86_64-linux-gnu/libnss_files-2.24.so
7f9c32d79000-7f9c32d7a000 rw-p 0000b000 08:02 12849733                   /lib/x86_64-linux-gnu/libnss_files-2.24.so
7f9c32d7a000-7f9c32d80000 rw-p 00000000 00:00 0 
7f9c32d80000-7f9c32d8b000 r-xp 00000000 08:02 12849743                   /lib/x86_64-linux-gnu/libnss_nis-2.24.so
7f9c32d8b000-7f9c32f8a000 ---p 0000b000 08:02 12849743                   /lib/x86_64-linux-gnu/libnss_nis-2.24.so
7f9c32f8a000-7f9c32f8b000 r--p 0000a000 08:02 12849743                   /lib/x86_64-linux-gnu/libnss_nis-2.24.so
7f9c32f8b000-7f9c32f8c000 rw-p 0000b000 08:02 12849743                   /lib/x86_64-linux-gnu/libnss_nis-2.24.so
7f9c32f8c000-7f9c32fa2000 r-xp 00000000 08:02 12849727                   /lib/x86_64-linux-gnu/libnsl-2.24.so
7f9c32fa2000-7f9c331a1000 ---p 00016000 08:02 12849727                   /lib/x86_64-linux-gnu/libnsl-2.24.so
7f9c331a1000-7f9c331a2000 r--p 00015000 08:02 12849727                   /lib/x86_64-linux-gnu/libnsl-2.24.so
7f9c331a2000-7f9c331a3000 rw-p 00016000 08:02 12849727                   /lib/x86_64-linux-gnu/libnsl-2.24.so
7f9c331a3000-7f9c331a5000 rw-p 00000000 00:00 0 
7f9c331a5000-7f9c331ad000 r-xp 00000000 08:02 12849729                   /lib/x86_64-linux-gnu/libnss_compat-2.24.so
7f9c331ad000-7f9c333ac000 ---p 00008000 08:02 12849729                   /lib/x86_64-linux-gnu/libnss_compat-2.24.so
7f9c333ac000-7f9c333ad000 r--p 00007000 08:02 12849729                   /lib/x86_64-linux-gnu/libnss_compat-2.24.so
7f9c333ad000-7f9c333ae000 rw-p 00008000 08:02 12849729                   /lib/x86_64-linux-gnu/libnss_compat-2.24.so
7f9c333ae000-7f9c333db000 r-xp 00000000 08:02 9830785                    /opt/google/android-studio/jre/jre/lib/amd64/libjava.so
7f9c333db000-7f9c335da000 ---p 0002d000 08:02 9830785                    /opt/google/android-studio/jre/jre/lib/amd64/libjava.so
7f9c335da000-7f9c335db000 r--p 0002c000 08:02 9830785                    /opt/google/android-studio/jre/jre/lib/amd64/libjava.so
7f9c335db000-7f9c335dd000 rw-p 0002d000 08:02 9830785                    /opt/google/android-studio/jre/jre/lib/amd64/libjava.so
7f9c335dd000-7f9c335ed000 r-xp 00000000 08:02 9830813                    /opt/google/android-studio/jre/jre/lib/amd64/libverify.so
7f9c335ed000-7f9c337ec000 ---p 00010000 08:02 9830813                    /opt/google/android-studio/jre/jre/lib/amd64/libverify.so
7f9c337ec000-7f9c337ee000 r--p 0000f000 08:02 9830813                    /opt/google/android-studio/jre/jre/lib/amd64/libverify.so
7f9c337ee000-7f9c337ef000 rw-p 00011000 08:02 9830813                    /opt/google/android-studio/jre/jre/lib/amd64/libverify.so
7f9c337ef000-7f9c337f6000 r-xp 00000000 08:02 12849787                   /lib/x86_64-linux-gnu/librt-2.24.so
7f9c337f6000-7f9c339f5000 ---p 00007000 08:02 12849787                   /lib/x86_64-linux-gnu/librt-2.24.so
7f9c339f5000-7f9c339f6000 r--p 00006000 08:02 12849787                   /lib/x86_64-linux-gnu/librt-2.24.so
7f9c339f6000-7f9c339f7000 rw-p 00007000 08:02 12849787                   /lib/x86_64-linux-gnu/librt-2.24.so
7f9c339f7000-7f9c33aff000 r-xp 00000000 08:02 12849704                   /lib/x86_64-linux-gnu/libm-2.24.so
7f9c33aff000-7f9c33cfe000 ---p 00108000 08:02 12849704                   /lib/x86_64-linux-gnu/libm-2.24.so
7f9c33cfe000-7f9c33cff000 r--p 00107000 08:02 12849704                   /lib/x86_64-linux-gnu/libm-2.24.so
7f9c33cff000-7f9c33d00000 rw-p 00108000 08:02 12849704                   /lib/x86_64-linux-gnu/libm-2.24.so
7f9c33d00000-7f9c348f1000 r-xp 00000000 08:02 9830809                    /opt/google/android-studio/jre/jre/lib/amd64/server/libjvm.so
7f9c348f1000-7f9c34af1000 ---p 00bf1000 08:02 9830809                    /opt/google/android-studio/jre/jre/lib/amd64/server/libjvm.so
7f9c34af1000-7f9c34b90000 r--p 00bf1000 08:02 9830809                    /opt/google/android-studio/jre/jre/lib/amd64/server/libjvm.so
7f9c34b90000-7f9c34bb9000 rw-p 00c90000 08:02 9830809                    /opt/google/android-studio/jre/jre/lib/amd64/server/libjvm.so
7f9c34bb9000-7f9c34bfd000 rw-p 00000000 00:00 0 
7f9c34bfd000-7f9c34c15000 r-xp 00000000 08:02 12849779                   /lib/x86_64-linux-gnu/libpthread-2.24.so
7f9c34c15000-7f9c34e15000 ---p 00018000 08:02 12849779                   /lib/x86_64-linux-gnu/libpthread-2.24.so
7f9c34e15000-7f9c34e16000 r--p 00018000 08:02 12849779                   /lib/x86_64-linux-gnu/libpthread-2.24.so
7f9c34e16000-7f9c34e17000 rw-p 00019000 08:02 12849779                   /lib/x86_64-linux-gnu/libpthread-2.24.so
7f9c34e17000-7f9c34e1b000 rw-p 00000000 00:00 0 
7f9c34e1b000-7f9c34e1e000 r-xp 00000000 08:02 12849662                   /lib/x86_64-linux-gnu/libdl-2.24.so
7f9c34e1e000-7f9c3501d000 ---p 00003000 08:02 12849662                   /lib/x86_64-linux-gnu/libdl-2.24.so
7f9c3501d000-7f9c3501e000 r--p 00002000 08:02 12849662                   /lib/x86_64-linux-gnu/libdl-2.24.so
7f9c3501e000-7f9c3501f000 rw-p 00003000 08:02 12849662                   /lib/x86_64-linux-gnu/libdl-2.24.so
7f9c3501f000-7f9c351dc000 r-xp 00000000 08:02 12849636                   /lib/x86_64-linux-gnu/libc-2.24.so
7f9c351dc000-7f9c353dc000 ---p 001bd000 08:02 12849636                   /lib/x86_64-linux-gnu/libc-2.24.so
7f9c353dc000-7f9c353e0000 r--p 001bd000 08:02 12849636                   /lib/x86_64-linux-gnu/libc-2.24.so
7f9c353e0000-7f9c353e2000 rw-p 001c1000 08:02 12849636                   /lib/x86_64-linux-gnu/libc-2.24.so
7f9c353e2000-7f9c353e6000 rw-p 00000000 00:00 0 
7f9c353e6000-7f9c353fc000 r-xp 00000000 08:02 9830711                    /opt/google/android-studio/jre/lib/amd64/jli/libjli.so
7f9c353fc000-7f9c355fb000 ---p 00016000 08:02 9830711                    /opt/google/android-studio/jre/lib/amd64/jli/libjli.so
7f9c355fb000-7f9c355fc000 r--p 00015000 08:02 9830711                    /opt/google/android-studio/jre/lib/amd64/jli/libjli.so
7f9c355fc000-7f9c355fd000 rw-p 00016000 08:02 9830711                    /opt/google/android-studio/jre/lib/amd64/jli/libjli.so
7f9c355fd000-7f9c35622000 r-xp 00000000 08:02 12849608                   /lib/x86_64-linux-gnu/ld-2.24.so
7f9c35624000-7f9c3562b000 r--s 00000000 08:02 14553859                   /usr/lib/x86_64-linux-gnu/gconv/gconv-modules.cache
7f9c3562b000-7f9c356fc000 rw-p 00000000 00:00 0 
7f9c356fc000-7f9c356ff000 ---p 00000000 00:00 0 
7f9c356ff000-7f9c357ff000 rw-p 00000000 00:00 0 
7f9c35801000-7f9c35815000 rw-p 00000000 00:00 0 
7f9c35815000-7f9c3581d000 rw-s 00000000 08:02 4207877                    /tmp/hsperfdata_victor/25854
7f9c3581d000-7f9c3581e000 rw-p 00000000 00:00 0 
7f9c3581e000-7f9c3581f000 ---p 00000000 00:00 0 
7f9c3581f000-7f9c35822000 rw-p 00000000 00:00 0 
7f9c35822000-7f9c35823000 r--p 00025000 08:02 12849608                   /lib/x86_64-linux-gnu/ld-2.24.so
7f9c35823000-7f9c35824000 rw-p 00026000 08:02 12849608                   /lib/x86_64-linux-gnu/ld-2.24.so
7f9c35824000-7f9c35825000 rw-p 00000000 00:00 0 
7ffd29d1a000-7ffd29d3b000 rw-p 00000000 00:00 0                          [stack]
7ffd29dea000-7ffd29dec000 r--p 00000000 00:00 0                          [vvar]
7ffd29dec000-7ffd29dee000 r-xp 00000000 00:00 0                          [vdso]
ffffffffff600000-ffffffffff601000 r-xp 00000000 00:00 0                  [vsyscall]

VM Arguments:
jvm_args: -Xmx1024M -Dfile.encoding=UTF-8 -Duser.country=UA -Duser.language=uk -Duser.variant 
java_command: com.android.dx.command.Main --dex --num-threads=4 --multi-dex --main-dex-list /home/victor/android-okhttp3/app/build/intermediates/multi-dex/debug/maindexlist.txt --output /home/victor/android-okhttp3/app/build/intermediates/dex/debug /home/victor/android-okhttp3/app/build/intermediates/multi-dex/debug/allclasses.jar
java_class_path (initial): /opt/google/android-sdk-linux/build-tools/23.0.1/lib/dx.jar
Launcher Type: SUN_STANDARD

Environment Variables:
JAVA_HOME=/usr/lib/jvm/java-8-oracle
PATH=/usr/local/sbin:/usr/local/bin:/usr/sbin:/usr/bin:/sbin:/bin:/usr/games:/usr/local/games:/opt/google/android-ndk-linux:/snap/bin:/usr/lib/jvm/java-8-oracle/bin:/usr/lib/jvm/java-8-oracle/db/bin:/usr/lib/jvm/java-8-oracle/jre/bin
LD_LIBRARY_PATH=/opt/google/android-studio/bin:
SHELL=/bin/bash
DISPLAY=:0

Signal Handlers:
SIGSEGV: [libjvm.so+0x9e5150], sa_mask[0]=11111111011111111101111111111110, sa_flags=SA_RESTART|SA_SIGINFO
SIGBUS: [libjvm.so+0x9e5150], sa_mask[0]=11111111011111111101111111111110, sa_flags=SA_RESTART|SA_SIGINFO
SIGFPE: [libjvm.so+0x848450], sa_mask[0]=11111111011111111101111111111110, sa_flags=SA_RESTART|SA_SIGINFO
SIGPIPE: [libjvm.so+0x848450], sa_mask[0]=11111111011111111101111111111110, sa_flags=SA_RESTART|SA_SIGINFO
SIGXFSZ: [libjvm.so+0x848450], sa_mask[0]=11111111011111111101111111111110, sa_flags=SA_RESTART|SA_SIGINFO
SIGILL: [libjvm.so+0x848450], sa_mask[0]=11111111011111111101111111111110, sa_flags=SA_RESTART|SA_SIGINFO
SIGUSR1: SIG_DFL, sa_mask[0]=00000000000000000000000000000000, sa_flags=none
SIGUSR2: [libjvm.so+0x848320], sa_mask[0]=00100000000000000000000000000000, sa_flags=SA_RESTART|SA_SIGINFO
SIGHUP: [libjvm.so+0x848510], sa_mask[0]=11111111011111111101111111111110, sa_flags=SA_RESTART|SA_SIGINFO
SIGINT: [libjvm.so+0x848510], sa_mask[0]=11111111011111111101111111111110, sa_flags=SA_RESTART|SA_SIGINFO
SIGTERM: [libjvm.so+0x848510], sa_mask[0]=11111111011111111101111111111110, sa_flags=SA_RESTART|SA_SIGINFO
SIGQUIT: [libjvm.so+0x848510], sa_mask[0]=11111111011111111101111111111110, sa_flags=SA_RESTART|SA_SIGINFO


---------------  S Y S T E M  ---------------

OS:DISTRIB_ID=Ubuntu
DISTRIB_RELEASE=17.04
DISTRIB_CODENAME=zesty
DISTRIB_DESCRIPTION="Ubuntu 17.04"

uname:Linux 4.10.0-21-generic #23-Ubuntu SMP Fri Apr 28 16:14:22 UTC 2017 x86_64
libc:glibc 2.24 NPTL 2.24 
rlimit: STACK 8192k, CORE 0k, NPROC 31036, NOFILE 4096, AS infinity
load average:4,33 3,70 2,56

/proc/meminfo:
MemTotal:        8073728 kB
MemFree:          137164 kB
MemAvailable:      98732 kB
Buffers:            1924 kB
Cached:           749812 kB
SwapCached:         9512 kB
Active:          6653804 kB
Inactive:         971680 kB
Active(anon):    6595468 kB
Inactive(anon):   916592 kB
Active(file):      58336 kB
Inactive(file):    55088 kB
Unevictable:         412 kB
Mlocked:             412 kB
SwapTotal:       2097148 kB
SwapFree:              0 kB
Dirty:              1244 kB
Writeback:             0 kB
AnonPages:       6866820 kB
Mapped:           337296 kB
Shmem:            638440 kB
Slab:             145312 kB
SReclaimable:      85508 kB
SUnreclaim:        59804 kB
KernelStack:       15584 kB
PageTables:        81124 kB
NFS_Unstable:          0 kB
Bounce:                0 kB
WritebackTmp:          0 kB
CommitLimit:     6134012 kB
Committed_AS:   17546884 kB
VmallocTotal:   34359738367 kB
VmallocUsed:           0 kB
VmallocChunk:          0 kB
HardwareCorrupted:     0 kB
AnonHugePages:   2299904 kB
ShmemHugePages:        0 kB
ShmemPmdMapped:        0 kB
CmaTotal:              0 kB
CmaFree:               0 kB
HugePages_Total:       0
HugePages_Free:        0
HugePages_Rsvd:        0
HugePages_Surp:        0
Hugepagesize:       2048 kB
DirectMap4k:      267420 kB
DirectMap2M:     8022016 kB
DirectMap1G:     1048576 kB


CPU:total 4 (2 cores per cpu, 2 threads per core) family 6 model 61 stepping 4, cmov, cx8, fxsr, mmx, sse, sse2, sse3, ssse3, sse4.1, sse4.2, popcnt, avx, avx2, aes, clmul, erms, 3dnowpref, lzcnt, ht, tsc, tscinvbit, bmi1, bmi2, adx

/proc/cpuinfo:
processor	: 0
vendor_id	: GenuineIntel
cpu family	: 6
model		: 61
model name	: Intel(R) Core(TM) i7-5500U CPU @ 2.40GHz
stepping	: 4
microcode	: 0x24
cpu MHz		: 2393.408
cache size	: 4096 KB
physical id	: 0
siblings	: 4
core id		: 0
cpu cores	: 2
apicid		: 0
initial apicid	: 0
fpu		: yes
fpu_exception	: yes
cpuid level	: 20
wp		: yes
flags		: fpu vme de pse tsc msr pae mce cx8 apic sep mtrr pge mca cmov pat pse36 clflush dts acpi mmx fxsr sse sse2 ss ht tm pbe syscall nx pdpe1gb rdtscp lm constant_tsc arch_perfmon pebs bts rep_good nopl xtopology nonstop_tsc aperfmperf pni pclmulqdq dtes64 monitor ds_cpl vmx est tm2 ssse3 sdbg fma cx16 xtpr pdcm pcid sse4_1 sse4_2 x2apic movbe popcnt tsc_deadline_timer aes xsave avx f16c rdrand lahf_lm abm 3dnowprefetch epb intel_pt tpr_shadow vnmi flexpriority ept vpid fsgsbase tsc_adjust bmi1 avx2 smep bmi2 erms invpcid rdseed adx smap xsaveopt dtherm ida arat pln pts
bugs		:
bogomips	: 4789.07
clflush size	: 64
cache_alignment	: 64
address sizes	: 39 bits physical, 48 bits virtual
power management:

processor	: 1
vendor_id	: GenuineIntel
cpu family	: 6
model		: 61
model name	: Intel(R) Core(TM) i7-5500U CPU @ 2.40GHz
stepping	: 4
microcode	: 0x24
cpu MHz		: 2352.246
cache size	: 4096 KB
physical id	: 0
siblings	: 4
core id		: 1
cpu cores	: 2
apicid		: 2
initial apicid	: 2
fpu		: yes
fpu_exception	: yes
cpuid level	: 20
wp		: yes
flags		: fpu vme de pse tsc msr pae mce cx8 apic sep mtrr pge mca cmov pat pse36 clflush dts acpi mmx fxsr sse sse2 ss ht tm pbe syscall nx pdpe1gb rdtscp lm constant_tsc arch_perfmon pebs bts rep_good nopl xtopology nonstop_tsc aperfmperf pni pclmulqdq dtes64 monitor ds_cpl vmx est tm2 ssse3 sdbg fma cx16 xtpr pdcm pcid sse4_1 sse4_2 x2apic movbe popcnt tsc_deadline_timer aes xsave avx f16c rdrand lahf_lm abm 3dnowprefetch epb intel_pt tpr_shadow vnmi flexpriority ept vpid fsgsbase tsc_adjust bmi1 avx2 smep bmi2 erms invpcid rdseed adx smap xsaveopt dtherm ida arat pln pts
bugs		:
bogomips	: 4789.07
clflush size	: 64
cache_alignment	: 64
address sizes	: 39 bits physical, 48 bits virtual
power management:

processor	: 2
vendor_id	: GenuineIntel
cpu family	: 6
model		: 61
model name	: Intel(R) Core(TM) i7-5500U CPU @ 2.40GHz
stepping	: 4
microcode	: 0x24
cpu MHz		: 2297.167
cache size	: 4096 KB
physical id	: 0
siblings	: 4
core id		: 0
cpu cores	: 2
apicid		: 1
initial apicid	: 1
fpu		: yes
fpu_exception	: yes
cpuid level	: 20
wp		: yes
flags		: fpu vme de pse tsc msr pae mce cx8 apic sep mtrr pge mca cmov pat pse36 clflush dts acpi mmx fxsr sse sse2 ss ht tm pbe syscall nx pdpe1gb rdtscp lm constant_tsc arch_perfmon pebs bts rep_good nopl xtopology nonstop_tsc aperfmperf pni pclmulqdq dtes64 monitor ds_cpl vmx est tm2 ssse3 sdbg fma cx16 xtpr pdcm pcid sse4_1 sse4_2 x2apic movbe popcnt tsc_deadline_timer aes xsave avx f16c rdrand lahf_lm abm 3dnowprefetch epb intel_pt tpr_shadow vnmi flexpriority ept vpid fsgsbase tsc_adjust bmi1 avx2 smep bmi2 erms invpcid rdseed adx smap xsaveopt dtherm ida arat pln pts
bugs		:
bogomips	: 4789.07
clflush size	: 64
cache_alignment	: 64
address sizes	: 39 bits physical, 48 bits virtual
power management:

processor	: 3
vendor_id	: GenuineIntel
cpu family	: 6
model		: 61
model name	: Intel(R) Core(TM) i7-5500U CPU @ 2.40GHz
stepping	: 4
microcode	: 0x24
cpu MHz		: 992.431
cache size	: 4096 KB
physical id	: 0
siblings	: 4
core id		: 1
cpu cores	: 2
apicid		: 3
initial apicid	: 3
fpu		: yes
fpu_exception	: yes
cpuid level	: 20
wp		: yes
flags		: fpu vme de pse tsc msr pae mce cx8 apic sep mtrr pge mca cmov pat pse36 clflush dts acpi mmx fxsr sse sse2 ss ht tm pbe syscall nx pdpe1gb rdtscp lm constant_tsc arch_perfmon pebs bts rep_good nopl xtopology nonstop_tsc aperfmperf pni pclmulqdq dtes64 monitor ds_cpl vmx est tm2 ssse3 sdbg fma cx16 xtpr pdcm pcid sse4_1 sse4_2 x2apic movbe popcnt tsc_deadline_timer aes xsave avx f16c rdrand lahf_lm abm 3dnowprefetch epb intel_pt tpr_shadow vnmi flexpriority ept vpid fsgsbase tsc_adjust bmi1 avx2 smep bmi2 erms invpcid rdseed adx smap xsaveopt dtherm ida arat pln pts
bugs		:
bogomips	: 4789.07
clflush size	: 64
cache_alignment	: 64
address sizes	: 39 bits physical, 48 bits virtual
power management:



Memory: 4k page, physical 8073728k(137164k free), swap 2097148k(0k free)

vm_info: OpenJDK 64-Bit Server VM (25.112-b06) for linux-amd64 JRE (1.8.0_112-release-b06), built on Dec  6 2016 12:11:18 by "builder" with gcc 4.8.4

time: Tue May 30 14:45:35 2017
elapsed time: 21 seconds (0d 0h 0m 21s)

